<?xml version="1.0" encoding="UTF-8"?>
<coverage generated="1493918371">
  <project timestamp="1493918371">
    <file name="/var/www/html2/application/controllers/Dashboard.php">
      <class name="Dashboard" namespace="global">
        <metrics complexity="1" methods="1" coveredmethods="0" conditionals="0" coveredconditionals="0" statements="3" coveredstatements="0" elements="4" coveredelements="0"/>
      </class>
      <line num="2" type="stmt" count="0"/>
      <line num="6" type="method" name="index" visibility="public" complexity="1" crap="2" count="0"/>
      <line num="7" type="stmt" count="0"/>
      <line num="8" type="stmt" count="0"/>
      <line num="9" type="stmt" count="0"/>
      <metrics loc="11" ncloc="11" classes="1" methods="1" coveredmethods="0" conditionals="0" coveredconditionals="0" statements="4" coveredstatements="0" elements="5" coveredelements="0"/>
    </file>
    <file name="/var/www/html2/application/controllers/News.php">
      <class name="News" namespace="global">
        <metrics complexity="6" methods="4" coveredmethods="0" conditionals="0" coveredconditionals="0" statements="42" coveredstatements="0" elements="46" coveredelements="0"/>
      </class>
      <line num="4" type="method" name="__construct" visibility="public" complexity="1" crap="2" count="0"/>
      <line num="5" type="stmt" count="0"/>
      <line num="6" type="stmt" count="0"/>
      <line num="7" type="stmt" count="0"/>
      <line num="8" type="stmt" count="0"/>
      <line num="9" type="stmt" count="0"/>
      <line num="11" type="method" name="index" visibility="public" complexity="1" crap="2" count="0"/>
      <line num="12" type="stmt" count="0"/>
      <line num="13" type="stmt" count="0"/>
      <line num="14" type="stmt" count="0"/>
      <line num="15" type="stmt" count="0"/>
      <line num="17" type="stmt" count="0"/>
      <line num="18" type="stmt" count="0"/>
      <line num="19" type="stmt" count="0"/>
      <line num="20" type="stmt" count="0"/>
      <line num="22" type="method" name="view" visibility="public" complexity="2" crap="6" count="0"/>
      <line num="23" type="stmt" count="0"/>
      <line num="24" type="stmt" count="0"/>
      <line num="26" type="stmt" count="0"/>
      <line num="27" type="stmt" count="0"/>
      <line num="28" type="stmt" count="0"/>
      <line num="29" type="stmt" count="0"/>
      <line num="31" type="stmt" count="0"/>
      <line num="33" type="stmt" count="0"/>
      <line num="34" type="stmt" count="0"/>
      <line num="35" type="stmt" count="0"/>
      <line num="36" type="stmt" count="0"/>
      <line num="38" type="method" name="create" visibility="public" complexity="2" crap="6" count="0"/>
      <line num="39" type="stmt" count="0"/>
      <line num="40" type="stmt" count="0"/>
      <line num="41" type="stmt" count="0"/>
      <line num="43" type="stmt" count="0"/>
      <line num="45" type="stmt" count="0"/>
      <line num="46" type="stmt" count="0"/>
      <line num="48" type="stmt" count="0"/>
      <line num="49" type="stmt" count="0"/>
      <line num="50" type="stmt" count="0"/>
      <line num="51" type="stmt" count="0"/>
      <line num="52" type="stmt" count="0"/>
      <line num="54" type="stmt" count="0"/>
      <line num="55" type="stmt" count="0"/>
      <line num="56" type="stmt" count="0"/>
      <line num="57" type="stmt" count="0"/>
      <line num="58" type="stmt" count="0"/>
      <line num="59" type="stmt" count="0"/>
      <line num="60" type="stmt" count="0"/>
      <metrics loc="62" ncloc="62" classes="1" methods="4" coveredmethods="0" conditionals="0" coveredconditionals="0" statements="42" coveredstatements="0" elements="46" coveredelements="0"/>
    </file>
    <file name="/var/www/html2/application/controllers/Pages.php">
      <class name="Pages" namespace="global">
        <metrics complexity="2" methods="1" coveredmethods="0" conditionals="0" coveredconditionals="0" statements="8" coveredstatements="0" elements="9" coveredelements="0"/>
      </class>
      <line num="4" type="method" name="view" visibility="public" complexity="2" crap="6" count="0"/>
      <line num="5" type="stmt" count="0"/>
      <line num="7" type="stmt" count="0"/>
      <line num="8" type="stmt" count="0"/>
      <line num="10" type="stmt" count="0"/>
      <line num="12" type="stmt" count="0"/>
      <line num="13" type="stmt" count="0"/>
      <line num="14" type="stmt" count="0"/>
      <line num="15" type="stmt" count="0"/>
      <metrics loc="16" ncloc="12" classes="1" methods="1" coveredmethods="0" conditionals="0" coveredconditionals="0" statements="8" coveredstatements="0" elements="9" coveredelements="0"/>
    </file>
    <file name="/var/www/html2/application/controllers/Register.php">
      <class name="Register" namespace="global">
        <metrics complexity="3" methods="1" coveredmethods="0" conditionals="0" coveredconditionals="0" statements="39" coveredstatements="0" elements="40" coveredelements="0"/>
      </class>
      <line num="2" type="stmt" count="0"/>
      <line num="7" type="method" name="index" visibility="public" complexity="3" crap="12" count="0"/>
      <line num="8" type="stmt" count="0"/>
      <line num="9" type="stmt" count="0"/>
      <line num="10" type="stmt" count="0"/>
      <line num="11" type="stmt" count="0"/>
      <line num="12" type="stmt" count="0"/>
      <line num="13" type="stmt" count="0"/>
      <line num="14" type="stmt" count="0"/>
      <line num="15" type="stmt" count="0"/>
      <line num="17" type="stmt" count="0"/>
      <line num="18" type="stmt" count="0"/>
      <line num="19" type="stmt" count="0"/>
      <line num="20" type="stmt" count="0"/>
      <line num="21" type="stmt" count="0"/>
      <line num="22" type="stmt" count="0"/>
      <line num="23" type="stmt" count="0"/>
      <line num="24" type="stmt" count="0"/>
      <line num="25" type="stmt" count="0"/>
      <line num="26" type="stmt" count="0"/>
      <line num="27" type="stmt" count="0"/>
      <line num="28" type="stmt" count="0"/>
      <line num="30" type="stmt" count="0"/>
      <line num="31" type="stmt" count="0"/>
      <line num="32" type="stmt" count="0"/>
      <line num="33" type="stmt" count="0"/>
      <line num="35" type="stmt" count="0"/>
      <line num="36" type="stmt" count="0"/>
      <line num="37" type="stmt" count="0"/>
      <line num="38" type="stmt" count="0"/>
      <line num="39" type="stmt" count="0"/>
      <line num="40" type="stmt" count="0"/>
      <line num="41" type="stmt" count="0"/>
      <line num="42" type="stmt" count="0"/>
      <line num="43" type="stmt" count="0"/>
      <line num="44" type="stmt" count="0"/>
      <line num="45" type="stmt" count="0"/>
      <line num="46" type="stmt" count="0"/>
      <line num="47" type="stmt" count="0"/>
      <line num="48" type="stmt" count="0"/>
      <line num="49" type="stmt" count="0"/>
      <metrics loc="50" ncloc="50" classes="1" methods="1" coveredmethods="0" conditionals="0" coveredconditionals="0" statements="40" coveredstatements="0" elements="41" coveredelements="0"/>
    </file>
    <file name="/var/www/html2/application/controllers/Users.php">
      <class name="Users" namespace="global">
        <metrics complexity="11" methods="5" coveredmethods="0" conditionals="0" coveredconditionals="0" statements="80" coveredstatements="0" elements="85" coveredelements="0"/>
      </class>
      <line num="2" type="stmt" count="0"/>
      <line num="6" type="method" name="__construct" complexity="1" crap="2" count="0"/>
      <line num="7" type="stmt" count="0"/>
      <line num="8" type="stmt" count="0"/>
      <line num="9" type="stmt" count="0"/>
      <line num="10" type="stmt" count="0"/>
      <line num="12" type="method" name="index" visibility="public" complexity="1" crap="2" count="0"/>
      <line num="13" type="stmt" count="0"/>
      <line num="14" type="stmt" count="0"/>
      <line num="15" type="stmt" count="0"/>
      <line num="17" type="method" name="login" visibility="public" complexity="6" crap="42" count="0"/>
      <line num="18" type="stmt" count="0"/>
      <line num="19" type="stmt" count="0"/>
      <line num="21" type="stmt" count="0"/>
      <line num="23" type="stmt" count="0"/>
      <line num="24" type="stmt" count="0"/>
      <line num="25" type="stmt" count="0"/>
      <line num="26" type="stmt" count="0"/>
      <line num="28" type="stmt" count="0"/>
      <line num="29" type="stmt" count="0"/>
      <line num="31" type="stmt" count="0"/>
      <line num="33" type="stmt" count="0"/>
      <line num="34" type="stmt" count="0"/>
      <line num="35" type="stmt" count="0"/>
      <line num="36" type="stmt" count="0"/>
      <line num="37" type="stmt" count="0"/>
      <line num="38" type="stmt" count="0"/>
      <line num="39" type="stmt" count="0"/>
      <line num="40" type="stmt" count="0"/>
      <line num="41" type="stmt" count="0"/>
      <line num="42" type="stmt" count="0"/>
      <line num="43" type="stmt" count="0"/>
      <line num="44" type="stmt" count="0"/>
      <line num="45" type="stmt" count="0"/>
      <line num="47" type="stmt" count="0"/>
      <line num="49" type="stmt" count="0"/>
      <line num="50" type="stmt" count="0"/>
      <line num="51" type="stmt" count="0"/>
      <line num="53" type="stmt" count="0"/>
      <line num="55" type="stmt" count="0"/>
      <line num="56" type="stmt" count="0"/>
      <line num="58" type="stmt" count="0"/>
      <line num="60" type="stmt" count="0"/>
      <line num="61" type="stmt" count="0"/>
      <line num="63" type="stmt" count="0"/>
      <line num="65" type="stmt" count="0"/>
      <line num="66" type="stmt" count="0"/>
      <line num="67" type="stmt" count="0"/>
      <line num="68" type="stmt" count="0"/>
      <line num="69" type="stmt" count="0"/>
      <line num="70" type="stmt" count="0"/>
      <line num="71" type="stmt" count="0"/>
      <line num="72" type="stmt" count="0"/>
      <line num="73" type="stmt" count="0"/>
      <line num="75" type="stmt" count="0"/>
      <line num="77" type="stmt" count="0"/>
      <line num="78" type="stmt" count="0"/>
      <line num="80" type="stmt" count="0"/>
      <line num="82" type="stmt" count="0"/>
      <line num="83" type="stmt" count="0"/>
      <line num="84" type="stmt" count="0"/>
      <line num="85" type="stmt" count="0"/>
      <line num="87" type="stmt" count="0"/>
      <line num="89" type="stmt" count="0"/>
      <line num="90" type="stmt" count="0"/>
      <line num="91" type="stmt" count="0"/>
      <line num="93" type="stmt" count="0"/>
      <line num="94" type="stmt" count="0"/>
      <line num="95" type="stmt" count="0"/>
      <line num="96" type="stmt" count="0"/>
      <line num="97" type="stmt" count="0"/>
      <line num="98" type="stmt" count="0"/>
      <line num="100" type="method" name="_gravatar" visibility="public" complexity="2" crap="6" count="0"/>
      <line num="101" type="stmt" count="0"/>
      <line num="102" type="stmt" count="0"/>
      <line num="103" type="stmt" count="0"/>
      <line num="104" type="stmt" count="0"/>
      <line num="105" type="stmt" count="0"/>
      <line num="106" type="stmt" count="0"/>
      <line num="107" type="stmt" count="0"/>
      <line num="108" type="stmt" count="0"/>
      <line num="117" type="method" name="logout" visibility="public" complexity="1" crap="2" count="0"/>
      <line num="118" type="stmt" count="0"/>
      <line num="119" type="stmt" count="0"/>
      <line num="120" type="stmt" count="0"/>
      <line num="121" type="stmt" count="0"/>
      <metrics loc="124" ncloc="116" classes="1" methods="5" coveredmethods="0" conditionals="0" coveredconditionals="0" statements="81" coveredstatements="0" elements="86" coveredelements="0"/>
    </file>
    <file name="/var/www/html2/application/controllers/Welcome.php">
      <class name="Welcome" namespace="global">
        <metrics complexity="1" methods="1" coveredmethods="1" conditionals="0" coveredconditionals="0" statements="3" coveredstatements="3" elements="4" coveredelements="4"/>
      </class>
      <line num="2" type="stmt" count="1"/>
      <line num="21" type="method" name="index" visibility="public" complexity="1" crap="1" count="1"/>
      <line num="22" type="stmt" count="1"/>
      <line num="23" type="stmt" count="1"/>
      <line num="24" type="stmt" count="1"/>
      <metrics loc="25" ncloc="10" classes="1" methods="1" coveredmethods="1" conditionals="0" coveredconditionals="0" statements="4" coveredstatements="4" elements="5" coveredelements="5"/>
    </file>
    <file name="/var/www/html2/application/helpers/utility_helper.php">
      <line num="3" type="stmt" count="0"/>
      <line num="4" type="stmt" count="0"/>
      <metrics loc="4" ncloc="4" classes="0" methods="0" coveredmethods="0" conditionals="0" coveredconditionals="0" statements="2" coveredstatements="0" elements="2" coveredelements="0"/>
    </file>
    <file name="/var/www/html2/application/libraries/Bcrypt.php">
      <class name="Bcrypt" namespace="global">
        <metrics complexity="20" methods="6" coveredmethods="0" conditionals="0" coveredconditionals="0" statements="72" coveredstatements="0" elements="78" coveredelements="0"/>
      </class>
      <line num="14" type="method" name="__construct" visibility="public" complexity="2" crap="6" count="0"/>
      <line num="16" type="stmt" count="0"/>
      <line num="17" type="stmt" count="0"/>
      <line num="18" type="stmt" count="0"/>
      <line num="20" type="stmt" count="0"/>
      <line num="21" type="stmt" count="0"/>
      <line num="22" type="stmt" count="0"/>
      <line num="24" type="method" name="hash" visibility="public" complexity="2" crap="6" count="0"/>
      <line num="25" type="stmt" count="0"/>
      <line num="27" type="stmt" count="0"/>
      <line num="28" type="stmt" count="0"/>
      <line num="29" type="stmt" count="0"/>
      <line num="31" type="stmt" count="0"/>
      <line num="32" type="stmt" count="0"/>
      <line num="39" type="method" name="verify" visibility="public" complexity="1" crap="2" count="0"/>
      <line num="40" type="stmt" count="0"/>
      <line num="41" type="stmt" count="0"/>
      <line num="42" type="stmt" count="0"/>
      <line num="44" type="method" name="getSalt" visibility="private" complexity="1" crap="2" count="0"/>
      <line num="45" type="stmt" count="0"/>
      <line num="47" type="stmt" count="0"/>
      <line num="49" type="stmt" count="0"/>
      <line num="51" type="stmt" count="0"/>
      <line num="52" type="stmt" count="0"/>
      <line num="54" type="stmt" count="0"/>
      <line num="61" type="method" name="getRandomBytes" visibility="private" complexity="11" crap="132" count="0"/>
      <line num="62" type="stmt" count="0"/>
      <line num="64" type="stmt" count="0"/>
      <line num="65" type="stmt" count="0"/>
      <line num="66" type="stmt" count="0"/>
      <line num="67" type="stmt" count="0"/>
      <line num="69" type="stmt" count="0"/>
      <line num="70" type="stmt" count="0"/>
      <line num="71" type="stmt" count="0"/>
      <line num="72" type="stmt" count="0"/>
      <line num="73" type="stmt" count="0"/>
      <line num="75" type="stmt" count="0"/>
      <line num="76" type="stmt" count="0"/>
      <line num="78" type="stmt" count="0"/>
      <line num="79" type="stmt" count="0"/>
      <line num="80" type="stmt" count="0"/>
      <line num="81" type="stmt" count="0"/>
      <line num="82" type="stmt" count="0"/>
      <line num="83" type="stmt" count="0"/>
      <line num="85" type="stmt" count="0"/>
      <line num="86" type="stmt" count="0"/>
      <line num="88" type="stmt" count="0"/>
      <line num="89" type="stmt" count="0"/>
      <line num="90" type="stmt" count="0"/>
      <line num="91" type="stmt" count="0"/>
      <line num="92" type="stmt" count="0"/>
      <line num="93" type="stmt" count="0"/>
      <line num="95" type="stmt" count="0"/>
      <line num="96" type="stmt" count="0"/>
      <line num="98" type="stmt" count="0"/>
      <line num="99" type="stmt" count="0"/>
      <line num="105" type="method" name="encodeBytes" visibility="private" complexity="3" crap="12" count="0"/>
      <line num="107" type="stmt" count="0"/>
      <line num="109" type="stmt" count="0"/>
      <line num="110" type="stmt" count="0"/>
      <line num="111" type="stmt" count="0"/>
      <line num="112" type="stmt" count="0"/>
      <line num="113" type="stmt" count="0"/>
      <line num="114" type="stmt" count="0"/>
      <line num="115" type="stmt" count="0"/>
      <line num="116" type="stmt" count="0"/>
      <line num="117" type="stmt" count="0"/>
      <line num="118" type="stmt" count="0"/>
      <line num="120" type="stmt" count="0"/>
      <line num="121" type="stmt" count="0"/>
      <line num="122" type="stmt" count="0"/>
      <line num="123" type="stmt" count="0"/>
      <line num="125" type="stmt" count="0"/>
      <line num="126" type="stmt" count="0"/>
      <line num="127" type="stmt" count="0"/>
      <line num="128" type="stmt" count="0"/>
      <line num="129" type="stmt" count="0"/>
      <line num="131" type="stmt" count="0"/>
      <line num="132" type="stmt" count="0"/>
      <metrics loc="136" ncloc="112" classes="1" methods="6" coveredmethods="0" conditionals="0" coveredconditionals="0" statements="73" coveredstatements="0" elements="79" coveredelements="0"/>
    </file>
    <file name="/var/www/html2/application/libraries/Ion_auth.php">
      <class name="Ion_auth" namespace="global" fullPackage="Ion">
        <metrics complexity="51" methods="12" coveredmethods="0" conditionals="0" coveredconditionals="0" statements="304" coveredstatements="0" elements="316" coveredelements="0"/>
      </class>
      <line num="57" type="method" name="__construct" visibility="public" complexity="7" crap="56" count="0"/>
      <line num="58" type="stmt" count="0"/>
      <line num="59" type="stmt" count="0"/>
      <line num="60" type="stmt" count="0"/>
      <line num="61" type="stmt" count="0"/>
      <line num="62" type="stmt" count="0"/>
      <line num="64" type="stmt" count="0"/>
      <line num="66" type="stmt" count="0"/>
      <line num="68" type="stmt" count="0"/>
      <line num="71" type="stmt" count="0"/>
      <line num="72" type="stmt" count="0"/>
      <line num="73" type="stmt" count="0"/>
      <line num="74" type="stmt" count="0"/>
      <line num="76" type="stmt" count="0"/>
      <line num="78" type="stmt" count="0"/>
      <line num="79" type="stmt" count="0"/>
      <line num="80" type="stmt" count="0"/>
      <line num="81" type="stmt" count="0"/>
      <line num="83" type="stmt" count="0"/>
      <line num="84" type="stmt" count="0"/>
      <line num="96" type="method" name="__call" visibility="public" complexity="4" crap="20" count="0"/>
      <line num="97" type="stmt" count="0"/>
      <line num="98" type="stmt" count="0"/>
      <line num="99" type="stmt" count="0"/>
      <line num="100" type="stmt" count="0"/>
      <line num="101" type="stmt" count="0"/>
      <line num="102" type="stmt" count="0"/>
      <line num="103" type="stmt" count="0"/>
      <line num="104" type="stmt" count="0"/>
      <line num="105" type="stmt" count="0"/>
      <line num="106" type="stmt" count="0"/>
      <line num="107" type="stmt" count="0"/>
      <line num="108" type="stmt" count="0"/>
      <line num="109" type="stmt" count="0"/>
      <line num="110" type="stmt" count="0"/>
      <line num="111" type="stmt" count="0"/>
      <line num="124" type="method" name="__get" visibility="public" complexity="1" crap="2" count="0"/>
      <line num="125" type="stmt" count="0"/>
      <line num="126" type="stmt" count="0"/>
      <line num="127" type="stmt" count="0"/>
      <line num="137" type="method" name="forgotten_password" visibility="public" complexity="5" crap="30" count="0"/>
      <line num="138" type="stmt" count="0"/>
      <line num="139" type="stmt" count="0"/>
      <line num="140" type="stmt" count="0"/>
      <line num="142" type="stmt" count="0"/>
      <line num="143" type="stmt" count="0"/>
      <line num="145" type="stmt" count="0"/>
      <line num="146" type="stmt" count="0"/>
      <line num="147" type="stmt" count="0"/>
      <line num="148" type="stmt" count="0"/>
      <line num="149" type="stmt" count="0"/>
      <line num="150" type="stmt" count="0"/>
      <line num="152" type="stmt" count="0"/>
      <line num="153" type="stmt" count="0"/>
      <line num="154" type="stmt" count="0"/>
      <line num="155" type="stmt" count="0"/>
      <line num="156" type="stmt" count="0"/>
      <line num="157" type="stmt" count="0"/>
      <line num="158" type="stmt" count="0"/>
      <line num="159" type="stmt" count="0"/>
      <line num="160" type="stmt" count="0"/>
      <line num="161" type="stmt" count="0"/>
      <line num="162" type="stmt" count="0"/>
      <line num="163" type="stmt" count="0"/>
      <line num="164" type="stmt" count="0"/>
      <line num="166" type="stmt" count="0"/>
      <line num="167" type="stmt" count="0"/>
      <line num="168" type="stmt" count="0"/>
      <line num="169" type="stmt" count="0"/>
      <line num="170" type="stmt" count="0"/>
      <line num="171" type="stmt" count="0"/>
      <line num="172" type="stmt" count="0"/>
      <line num="173" type="stmt" count="0"/>
      <line num="174" type="stmt" count="0"/>
      <line num="175" type="stmt" count="0"/>
      <line num="176" type="stmt" count="0"/>
      <line num="177" type="stmt" count="0"/>
      <line num="178" type="stmt" count="0"/>
      <line num="179" type="stmt" count="0"/>
      <line num="180" type="stmt" count="0"/>
      <line num="181" type="stmt" count="0"/>
      <line num="182" type="stmt" count="0"/>
      <line num="183" type="stmt" count="0"/>
      <line num="184" type="stmt" count="0"/>
      <line num="185" type="stmt" count="0"/>
      <line num="186" type="stmt" count="0"/>
      <line num="187" type="stmt" count="0"/>
      <line num="188" type="stmt" count="0"/>
      <line num="189" type="stmt" count="0"/>
      <line num="198" type="method" name="forgotten_password_complete" visibility="public" complexity="5" crap="30" count="0"/>
      <line num="199" type="stmt" count="0"/>
      <line num="200" type="stmt" count="0"/>
      <line num="202" type="stmt" count="0"/>
      <line num="203" type="stmt" count="0"/>
      <line num="205" type="stmt" count="0"/>
      <line num="206" type="stmt" count="0"/>
      <line num="207" type="stmt" count="0"/>
      <line num="208" type="stmt" count="0"/>
      <line num="209" type="stmt" count="0"/>
      <line num="210" type="stmt" count="0"/>
      <line num="212" type="stmt" count="0"/>
      <line num="214" type="stmt" count="0"/>
      <line num="215" type="stmt" count="0"/>
      <line num="216" type="stmt" count="0"/>
      <line num="217" type="stmt" count="0"/>
      <line num="218" type="stmt" count="0"/>
      <line num="219" type="stmt" count="0"/>
      <line num="220" type="stmt" count="0"/>
      <line num="221" type="stmt" count="0"/>
      <line num="222" type="stmt" count="0"/>
      <line num="223" type="stmt" count="0"/>
      <line num="224" type="stmt" count="0"/>
      <line num="225" type="stmt" count="0"/>
      <line num="226" type="stmt" count="0"/>
      <line num="227" type="stmt" count="0"/>
      <line num="228" type="stmt" count="0"/>
      <line num="230" type="stmt" count="0"/>
      <line num="231" type="stmt" count="0"/>
      <line num="232" type="stmt" count="0"/>
      <line num="233" type="stmt" count="0"/>
      <line num="234" type="stmt" count="0"/>
      <line num="236" type="stmt" count="0"/>
      <line num="237" type="stmt" count="0"/>
      <line num="238" type="stmt" count="0"/>
      <line num="239" type="stmt" count="0"/>
      <line num="240" type="stmt" count="0"/>
      <line num="241" type="stmt" count="0"/>
      <line num="242" type="stmt" count="0"/>
      <line num="243" type="stmt" count="0"/>
      <line num="244" type="stmt" count="0"/>
      <line num="245" type="stmt" count="0"/>
      <line num="246" type="stmt" count="0"/>
      <line num="247" type="stmt" count="0"/>
      <line num="249" type="stmt" count="0"/>
      <line num="250" type="stmt" count="0"/>
      <line num="252" type="stmt" count="0"/>
      <line num="253" type="stmt" count="0"/>
      <line num="254" type="stmt" count="0"/>
      <line num="263" type="method" name="forgotten_password_check" visibility="public" complexity="4" crap="20" count="0"/>
      <line num="264" type="stmt" count="0"/>
      <line num="265" type="stmt" count="0"/>
      <line num="267" type="stmt" count="0"/>
      <line num="268" type="stmt" count="0"/>
      <line num="269" type="stmt" count="0"/>
      <line num="270" type="stmt" count="0"/>
      <line num="271" type="stmt" count="0"/>
      <line num="272" type="stmt" count="0"/>
      <line num="273" type="stmt" count="0"/>
      <line num="274" type="stmt" count="0"/>
      <line num="276" type="stmt" count="0"/>
      <line num="277" type="stmt" count="0"/>
      <line num="279" type="stmt" count="0"/>
      <line num="280" type="stmt" count="0"/>
      <line num="281" type="stmt" count="0"/>
      <line num="282" type="stmt" count="0"/>
      <line num="283" type="stmt" count="0"/>
      <line num="284" type="stmt" count="0"/>
      <line num="285" type="stmt" count="0"/>
      <line num="286" type="stmt" count="0"/>
      <line num="299" type="method" name="register" visibility="public" complexity="7" crap="56" count="0"/>
      <line num="300" type="stmt" count="0"/>
      <line num="301" type="stmt" count="0"/>
      <line num="303" type="stmt" count="0"/>
      <line num="305" type="stmt" count="0"/>
      <line num="307" type="stmt" count="0"/>
      <line num="308" type="stmt" count="0"/>
      <line num="309" type="stmt" count="0"/>
      <line num="310" type="stmt" count="0"/>
      <line num="311" type="stmt" count="0"/>
      <line num="312" type="stmt" count="0"/>
      <line num="313" type="stmt" count="0"/>
      <line num="314" type="stmt" count="0"/>
      <line num="315" type="stmt" count="0"/>
      <line num="316" type="stmt" count="0"/>
      <line num="317" type="stmt" count="0"/>
      <line num="318" type="stmt" count="0"/>
      <line num="319" type="stmt" count="0"/>
      <line num="320" type="stmt" count="0"/>
      <line num="321" type="stmt" count="0"/>
      <line num="322" type="stmt" count="0"/>
      <line num="323" type="stmt" count="0"/>
      <line num="324" type="stmt" count="0"/>
      <line num="325" type="stmt" count="0"/>
      <line num="326" type="stmt" count="0"/>
      <line num="327" type="stmt" count="0"/>
      <line num="328" type="stmt" count="0"/>
      <line num="331" type="stmt" count="0"/>
      <line num="334" type="stmt" count="0"/>
      <line num="337" type="stmt" count="0"/>
      <line num="338" type="stmt" count="0"/>
      <line num="339" type="stmt" count="0"/>
      <line num="340" type="stmt" count="0"/>
      <line num="341" type="stmt" count="0"/>
      <line num="342" type="stmt" count="0"/>
      <line num="344" type="stmt" count="0"/>
      <line num="345" type="stmt" count="0"/>
      <line num="346" type="stmt" count="0"/>
      <line num="348" type="stmt" count="0"/>
      <line num="349" type="stmt" count="0"/>
      <line num="350" type="stmt" count="0"/>
      <line num="351" type="stmt" count="0"/>
      <line num="352" type="stmt" count="0"/>
      <line num="353" type="stmt" count="0"/>
      <line num="354" type="stmt" count="0"/>
      <line num="355" type="stmt" count="0"/>
      <line num="356" type="stmt" count="0"/>
      <line num="357" type="stmt" count="0"/>
      <line num="358" type="stmt" count="0"/>
      <line num="359" type="stmt" count="0"/>
      <line num="360" type="stmt" count="0"/>
      <line num="361" type="stmt" count="0"/>
      <line num="362" type="stmt" count="0"/>
      <line num="364" type="stmt" count="0"/>
      <line num="365" type="stmt" count="0"/>
      <line num="366" type="stmt" count="0"/>
      <line num="367" type="stmt" count="0"/>
      <line num="368" type="stmt" count="0"/>
      <line num="370" type="stmt" count="0"/>
      <line num="371" type="stmt" count="0"/>
      <line num="372" type="stmt" count="0"/>
      <line num="373" type="stmt" count="0"/>
      <line num="374" type="stmt" count="0"/>
      <line num="375" type="stmt" count="0"/>
      <line num="377" type="stmt" count="0"/>
      <line num="379" type="stmt" count="0"/>
      <line num="380" type="stmt" count="0"/>
      <line num="381" type="stmt" count="0"/>
      <line num="382" type="stmt" count="0"/>
      <line num="383" type="stmt" count="0"/>
      <line num="391" type="method" name="logout" visibility="public" complexity="6" crap="42" count="0"/>
      <line num="392" type="stmt" count="0"/>
      <line num="393" type="stmt" count="0"/>
      <line num="395" type="stmt" count="0"/>
      <line num="397" type="stmt" count="0"/>
      <line num="398" type="stmt" count="0"/>
      <line num="399" type="stmt" count="0"/>
      <line num="400" type="stmt" count="0"/>
      <line num="401" type="stmt" count="0"/>
      <line num="402" type="stmt" count="0"/>
      <line num="403" type="stmt" count="0"/>
      <line num="404" type="stmt" count="0"/>
      <line num="407" type="stmt" count="0"/>
      <line num="408" type="stmt" count="0"/>
      <line num="409" type="stmt" count="0"/>
      <line num="410" type="stmt" count="0"/>
      <line num="411" type="stmt" count="0"/>
      <line num="412" type="stmt" count="0"/>
      <line num="413" type="stmt" count="0"/>
      <line num="414" type="stmt" count="0"/>
      <line num="417" type="stmt" count="0"/>
      <line num="420" type="stmt" count="0"/>
      <line num="421" type="stmt" count="0"/>
      <line num="422" type="stmt" count="0"/>
      <line num="423" type="stmt" count="0"/>
      <line num="424" type="stmt" count="0"/>
      <line num="425" type="stmt" count="0"/>
      <line num="426" type="stmt" count="0"/>
      <line num="427" type="stmt" count="0"/>
      <line num="428" type="stmt" count="0"/>
      <line num="429" type="stmt" count="0"/>
      <line num="430" type="stmt" count="0"/>
      <line num="432" type="stmt" count="0"/>
      <line num="433" type="stmt" count="0"/>
      <line num="434" type="stmt" count="0"/>
      <line num="442" type="method" name="logged_in" visibility="public" complexity="1" crap="2" count="0"/>
      <line num="443" type="stmt" count="0"/>
      <line num="444" type="stmt" count="0"/>
      <line num="446" type="stmt" count="0"/>
      <line num="447" type="stmt" count="0"/>
      <line num="455" type="method" name="get_user_id" visibility="public" complexity="2" crap="6" count="0"/>
      <line num="456" type="stmt" count="0"/>
      <line num="457" type="stmt" count="0"/>
      <line num="458" type="stmt" count="0"/>
      <line num="459" type="stmt" count="0"/>
      <line num="460" type="stmt" count="0"/>
      <line num="461" type="stmt" count="0"/>
      <line num="462" type="stmt" count="0"/>
      <line num="463" type="stmt" count="0"/>
      <line num="472" type="method" name="is_admin" visibility="public" complexity="1" crap="2" count="0"/>
      <line num="473" type="stmt" count="0"/>
      <line num="474" type="stmt" count="0"/>
      <line num="476" type="stmt" count="0"/>
      <line num="478" type="stmt" count="0"/>
      <line num="479" type="stmt" count="0"/>
      <line num="491" type="method" name="in_group" visibility="public" complexity="8" crap="72" count="0"/>
      <line num="492" type="stmt" count="0"/>
      <line num="493" type="stmt" count="0"/>
      <line num="495" type="stmt" count="0"/>
      <line num="497" type="stmt" count="0"/>
      <line num="498" type="stmt" count="0"/>
      <line num="499" type="stmt" count="0"/>
      <line num="500" type="stmt" count="0"/>
      <line num="502" type="stmt" count="0"/>
      <line num="503" type="stmt" count="0"/>
      <line num="504" type="stmt" count="0"/>
      <line num="505" type="stmt" count="0"/>
      <line num="506" type="stmt" count="0"/>
      <line num="507" type="stmt" count="0"/>
      <line num="508" type="stmt" count="0"/>
      <line num="509" type="stmt" count="0"/>
      <line num="510" type="stmt" count="0"/>
      <line num="511" type="stmt" count="0"/>
      <line num="512" type="stmt" count="0"/>
      <line num="513" type="stmt" count="0"/>
      <line num="514" type="stmt" count="0"/>
      <line num="515" type="stmt" count="0"/>
      <line num="516" type="stmt" count="0"/>
      <line num="517" type="stmt" count="0"/>
      <line num="518" type="stmt" count="0"/>
      <line num="524" type="stmt" count="0"/>
      <line num="525" type="stmt" count="0"/>
      <line num="530" type="stmt" count="0"/>
      <line num="531" type="stmt" count="0"/>
      <line num="532" type="stmt" count="0"/>
      <line num="538" type="stmt" count="0"/>
      <line num="539" type="stmt" count="0"/>
      <metrics loc="541" ncloc="366" classes="1" methods="12" coveredmethods="0" conditionals="0" coveredconditionals="0" statements="304" coveredstatements="0" elements="316" coveredelements="0"/>
    </file>
    <file name="/var/www/html2/application/models/Ion_auth_model.php">
      <class name="Ion_auth_model" namespace="global" fullPackage="Ion.auth">
        <metrics complexity="275" methods="69" coveredmethods="0" conditionals="0" coveredconditionals="0" statements="1264" coveredstatements="0" elements="1333" coveredelements="0"/>
      </class>
      <line num="164" type="method" name="__construct" visibility="public" complexity="4" crap="20" count="0"/>
      <line num="165" type="stmt" count="0"/>
      <line num="166" type="stmt" count="0"/>
      <line num="167" type="stmt" count="0"/>
      <line num="168" type="stmt" count="0"/>
      <line num="169" type="stmt" count="0"/>
      <line num="170" type="stmt" count="0"/>
      <line num="171" type="stmt" count="0"/>
      <line num="174" type="stmt" count="0"/>
      <line num="177" type="stmt" count="0"/>
      <line num="178" type="stmt" count="0"/>
      <line num="179" type="stmt" count="0"/>
      <line num="180" type="stmt" count="0"/>
      <line num="184" type="stmt" count="0"/>
      <line num="185" type="stmt" count="0"/>
      <line num="186" type="stmt" count="0"/>
      <line num="187" type="stmt" count="0"/>
      <line num="188" type="stmt" count="0"/>
      <line num="192" type="stmt" count="0"/>
      <line num="193" type="stmt" count="0"/>
      <line num="194" type="stmt" count="0"/>
      <line num="197" type="stmt" count="0"/>
      <line num="198" type="stmt" count="0"/>
      <line num="201" type="stmt" count="0"/>
      <line num="202" type="stmt" count="0"/>
      <line num="204" type="stmt" count="0"/>
      <line num="205" type="stmt" count="0"/>
      <line num="206" type="stmt" count="0"/>
      <line num="207" type="stmt" count="0"/>
      <line num="209" type="stmt" count="0"/>
      <line num="210" type="stmt" count="0"/>
      <line num="211" type="stmt" count="0"/>
      <line num="212" type="stmt" count="0"/>
      <line num="213" type="stmt" count="0"/>
      <line num="214" type="stmt" count="0"/>
      <line num="215" type="stmt" count="0"/>
      <line num="217" type="stmt" count="0"/>
      <line num="218" type="stmt" count="0"/>
      <line num="219" type="stmt" count="0"/>
      <line num="220" type="stmt" count="0"/>
      <line num="221" type="stmt" count="0"/>
      <line num="225" type="stmt" count="0"/>
      <line num="228" type="stmt" count="0"/>
      <line num="229" type="stmt" count="0"/>
      <line num="230" type="stmt" count="0"/>
      <line num="231" type="stmt" count="0"/>
      <line num="232" type="stmt" count="0"/>
      <line num="233" type="stmt" count="0"/>
      <line num="234" type="stmt" count="0"/>
      <line num="235" type="stmt" count="0"/>
      <line num="236" type="stmt" count="0"/>
      <line num="237" type="stmt" count="0"/>
      <line num="239" type="stmt" count="0"/>
      <line num="240" type="stmt" count="0"/>
      <line num="241" type="stmt" count="0"/>
      <line num="243" type="stmt" count="0"/>
      <line num="244" type="stmt" count="0"/>
      <line num="263" type="method" name="hash_password" visibility="public" complexity="6" crap="42" count="0"/>
      <line num="264" type="stmt" count="0"/>
      <line num="265" type="stmt" count="0"/>
      <line num="266" type="stmt" count="0"/>
      <line num="267" type="stmt" count="0"/>
      <line num="268" type="stmt" count="0"/>
      <line num="271" type="stmt" count="0"/>
      <line num="272" type="stmt" count="0"/>
      <line num="273" type="stmt" count="0"/>
      <line num="274" type="stmt" count="0"/>
      <line num="277" type="stmt" count="0"/>
      <line num="278" type="stmt" count="0"/>
      <line num="279" type="stmt" count="0"/>
      <line num="280" type="stmt" count="0"/>
      <line num="281" type="stmt" count="0"/>
      <line num="282" type="stmt" count="0"/>
      <line num="283" type="stmt" count="0"/>
      <line num="284" type="stmt" count="0"/>
      <line num="285" type="stmt" count="0"/>
      <line num="286" type="stmt" count="0"/>
      <line num="295" type="method" name="hash_password_db" visibility="public" complexity="9" crap="90" count="0"/>
      <line num="296" type="stmt" count="0"/>
      <line num="297" type="stmt" count="0"/>
      <line num="298" type="stmt" count="0"/>
      <line num="299" type="stmt" count="0"/>
      <line num="300" type="stmt" count="0"/>
      <line num="302" type="stmt" count="0"/>
      <line num="304" type="stmt" count="0"/>
      <line num="305" type="stmt" count="0"/>
      <line num="306" type="stmt" count="0"/>
      <line num="307" type="stmt" count="0"/>
      <line num="308" type="stmt" count="0"/>
      <line num="310" type="stmt" count="0"/>
      <line num="312" type="stmt" count="0"/>
      <line num="313" type="stmt" count="0"/>
      <line num="314" type="stmt" count="0"/>
      <line num="315" type="stmt" count="0"/>
      <line num="318" type="stmt" count="0"/>
      <line num="319" type="stmt" count="0"/>
      <line num="320" type="stmt" count="0"/>
      <line num="321" type="stmt" count="0"/>
      <line num="322" type="stmt" count="0"/>
      <line num="323" type="stmt" count="0"/>
      <line num="325" type="stmt" count="0"/>
      <line num="326" type="stmt" count="0"/>
      <line num="329" type="stmt" count="0"/>
      <line num="330" type="stmt" count="0"/>
      <line num="331" type="stmt" count="0"/>
      <line num="332" type="stmt" count="0"/>
      <line num="333" type="stmt" count="0"/>
      <line num="334" type="stmt" count="0"/>
      <line num="335" type="stmt" count="0"/>
      <line num="337" type="stmt" count="0"/>
      <line num="338" type="stmt" count="0"/>
      <line num="340" type="stmt" count="0"/>
      <line num="341" type="stmt" count="0"/>
      <line num="342" type="stmt" count="0"/>
      <line num="343" type="stmt" count="0"/>
      <line num="344" type="stmt" count="0"/>
      <line num="345" type="stmt" count="0"/>
      <line num="346" type="stmt" count="0"/>
      <line num="347" type="stmt" count="0"/>
      <line num="348" type="stmt" count="0"/>
      <line num="356" type="method" name="hash_code" visibility="public" complexity="1" crap="2" count="0"/>
      <line num="357" type="stmt" count="0"/>
      <line num="358" type="stmt" count="0"/>
      <line num="359" type="stmt" count="0"/>
      <line num="369" type="method" name="salt" visibility="public" complexity="18" crap="342" count="0"/>
      <line num="370" type="stmt" count="0"/>
      <line num="372" type="stmt" count="0"/>
      <line num="374" type="stmt" count="0"/>
      <line num="375" type="stmt" count="0"/>
      <line num="377" type="stmt" count="0"/>
      <line num="378" type="stmt" count="0"/>
      <line num="379" type="stmt" count="0"/>
      <line num="380" type="stmt" count="0"/>
      <line num="381" type="stmt" count="0"/>
      <line num="382" type="stmt" count="0"/>
      <line num="384" type="stmt" count="0"/>
      <line num="385" type="stmt" count="0"/>
      <line num="386" type="stmt" count="0"/>
      <line num="387" type="stmt" count="0"/>
      <line num="388" type="stmt" count="0"/>
      <line num="389" type="stmt" count="0"/>
      <line num="391" type="stmt" count="0"/>
      <line num="392" type="stmt" count="0"/>
      <line num="393" type="stmt" count="0"/>
      <line num="394" type="stmt" count="0"/>
      <line num="395" type="stmt" count="0"/>
      <line num="396" type="stmt" count="0"/>
      <line num="398" type="stmt" count="0"/>
      <line num="399" type="stmt" count="0"/>
      <line num="400" type="stmt" count="0"/>
      <line num="401" type="stmt" count="0"/>
      <line num="402" type="stmt" count="0"/>
      <line num="403" type="stmt" count="0"/>
      <line num="404" type="stmt" count="0"/>
      <line num="405" type="stmt" count="0"/>
      <line num="406" type="stmt" count="0"/>
      <line num="407" type="stmt" count="0"/>
      <line num="408" type="stmt" count="0"/>
      <line num="409" type="stmt" count="0"/>
      <line num="411" type="stmt" count="0"/>
      <line num="412" type="stmt" count="0"/>
      <line num="413" type="stmt" count="0"/>
      <line num="414" type="stmt" count="0"/>
      <line num="415" type="stmt" count="0"/>
      <line num="416" type="stmt" count="0"/>
      <line num="417" type="stmt" count="0"/>
      <line num="418" type="stmt" count="0"/>
      <line num="419" type="stmt" count="0"/>
      <line num="420" type="stmt" count="0"/>
      <line num="422" type="stmt" count="0"/>
      <line num="425" type="stmt" count="0"/>
      <line num="426" type="stmt" count="0"/>
      <line num="427" type="stmt" count="0"/>
      <line num="428" type="stmt" count="0"/>
      <line num="430" type="stmt" count="0"/>
      <line num="433" type="stmt" count="0"/>
      <line num="435" type="stmt" count="0"/>
      <line num="452" type="method" name="activate" visibility="public" complexity="4" crap="20" count="0"/>
      <line num="453" type="stmt" count="0"/>
      <line num="454" type="stmt" count="0"/>
      <line num="456" type="stmt" count="0"/>
      <line num="457" type="stmt" count="0"/>
      <line num="458" type="stmt" count="0"/>
      <line num="459" type="stmt" count="0"/>
      <line num="460" type="stmt" count="0"/>
      <line num="461" type="stmt" count="0"/>
      <line num="462" type="stmt" count="0"/>
      <line num="463" type="stmt" count="0"/>
      <line num="465" type="stmt" count="0"/>
      <line num="467" type="stmt" count="0"/>
      <line num="468" type="stmt" count="0"/>
      <line num="469" type="stmt" count="0"/>
      <line num="470" type="stmt" count="0"/>
      <line num="471" type="stmt" count="0"/>
      <line num="472" type="stmt" count="0"/>
      <line num="474" type="stmt" count="0"/>
      <line num="475" type="stmt" count="0"/>
      <line num="476" type="stmt" count="0"/>
      <line num="477" type="stmt" count="0"/>
      <line num="479" type="stmt" count="0"/>
      <line num="480" type="stmt" count="0"/>
      <line num="481" type="stmt" count="0"/>
      <line num="482" type="stmt" count="0"/>
      <line num="483" type="stmt" count="0"/>
      <line num="484" type="stmt" count="0"/>
      <line num="485" type="stmt" count="0"/>
      <line num="486" type="stmt" count="0"/>
      <line num="487" type="stmt" count="0"/>
      <line num="490" type="stmt" count="0"/>
      <line num="491" type="stmt" count="0"/>
      <line num="492" type="stmt" count="0"/>
      <line num="495" type="stmt" count="0"/>
      <line num="496" type="stmt" count="0"/>
      <line num="497" type="stmt" count="0"/>
      <line num="498" type="stmt" count="0"/>
      <line num="499" type="stmt" count="0"/>
      <line num="500" type="stmt" count="0"/>
      <line num="501" type="stmt" count="0"/>
      <line num="502" type="stmt" count="0"/>
      <line num="503" type="stmt" count="0"/>
      <line num="504" type="stmt" count="0"/>
      <line num="505" type="stmt" count="0"/>
      <line num="508" type="stmt" count="0"/>
      <line num="509" type="stmt" count="0"/>
      <line num="518" type="method" name="deactivate" visibility="public" complexity="5" crap="30" count="0"/>
      <line num="519" type="stmt" count="0"/>
      <line num="520" type="stmt" count="0"/>
      <line num="522" type="stmt" count="0"/>
      <line num="523" type="stmt" count="0"/>
      <line num="524" type="stmt" count="0"/>
      <line num="525" type="stmt" count="0"/>
      <line num="526" type="stmt" count="0"/>
      <line num="527" type="stmt" count="0"/>
      <line num="528" type="stmt" count="0"/>
      <line num="529" type="stmt" count="0"/>
      <line num="530" type="stmt" count="0"/>
      <line num="531" type="stmt" count="0"/>
      <line num="533" type="stmt" count="0"/>
      <line num="534" type="stmt" count="0"/>
      <line num="536" type="stmt" count="0"/>
      <line num="537" type="stmt" count="0"/>
      <line num="538" type="stmt" count="0"/>
      <line num="539" type="stmt" count="0"/>
      <line num="541" type="stmt" count="0"/>
      <line num="542" type="stmt" count="0"/>
      <line num="544" type="stmt" count="0"/>
      <line num="545" type="stmt" count="0"/>
      <line num="546" type="stmt" count="0"/>
      <line num="547" type="stmt" count="0"/>
      <line num="548" type="stmt" count="0"/>
      <line num="550" type="stmt" count="0"/>
      <line num="551" type="stmt" count="0"/>
      <line num="553" type="method" name="clear_forgotten_password_code" visibility="public" complexity="3" crap="12" count="0"/>
      <line num="555" type="stmt" count="0"/>
      <line num="556" type="stmt" count="0"/>
      <line num="557" type="stmt" count="0"/>
      <line num="558" type="stmt" count="0"/>
      <line num="560" type="stmt" count="0"/>
      <line num="562" type="stmt" count="0"/>
      <line num="563" type="stmt" count="0"/>
      <line num="564" type="stmt" count="0"/>
      <line num="565" type="stmt" count="0"/>
      <line num="566" type="stmt" count="0"/>
      <line num="567" type="stmt" count="0"/>
      <line num="569" type="stmt" count="0"/>
      <line num="571" type="stmt" count="0"/>
      <line num="572" type="stmt" count="0"/>
      <line num="574" type="stmt" count="0"/>
      <line num="575" type="stmt" count="0"/>
      <line num="583" type="method" name="reset_password" visibility="public" complexity="4" crap="20" count="0"/>
      <line num="584" type="stmt" count="0"/>
      <line num="586" type="stmt" count="0"/>
      <line num="587" type="stmt" count="0"/>
      <line num="588" type="stmt" count="0"/>
      <line num="589" type="stmt" count="0"/>
      <line num="591" type="stmt" count="0"/>
      <line num="593" type="stmt" count="0"/>
      <line num="594" type="stmt" count="0"/>
      <line num="595" type="stmt" count="0"/>
      <line num="596" type="stmt" count="0"/>
      <line num="597" type="stmt" count="0"/>
      <line num="599" type="stmt" count="0"/>
      <line num="600" type="stmt" count="0"/>
      <line num="601" type="stmt" count="0"/>
      <line num="602" type="stmt" count="0"/>
      <line num="603" type="stmt" count="0"/>
      <line num="604" type="stmt" count="0"/>
      <line num="606" type="stmt" count="0"/>
      <line num="608" type="stmt" count="0"/>
      <line num="612" type="stmt" count="0"/>
      <line num="613" type="stmt" count="0"/>
      <line num="614" type="stmt" count="0"/>
      <line num="615" type="stmt" count="0"/>
      <line num="616" type="stmt" count="0"/>
      <line num="617" type="stmt" count="0"/>
      <line num="619" type="stmt" count="0"/>
      <line num="620" type="stmt" count="0"/>
      <line num="622" type="stmt" count="0"/>
      <line num="623" type="stmt" count="0"/>
      <line num="624" type="stmt" count="0"/>
      <line num="625" type="stmt" count="0"/>
      <line num="626" type="stmt" count="0"/>
      <line num="627" type="stmt" count="0"/>
      <line num="628" type="stmt" count="0"/>
      <line num="629" type="stmt" count="0"/>
      <line num="630" type="stmt" count="0"/>
      <line num="631" type="stmt" count="0"/>
      <line num="632" type="stmt" count="0"/>
      <line num="634" type="stmt" count="0"/>
      <line num="635" type="stmt" count="0"/>
      <line num="643" type="method" name="change_password" visibility="public" complexity="4" crap="20" count="0"/>
      <line num="644" type="stmt" count="0"/>
      <line num="645" type="stmt" count="0"/>
      <line num="647" type="stmt" count="0"/>
      <line num="649" type="stmt" count="0"/>
      <line num="650" type="stmt" count="0"/>
      <line num="651" type="stmt" count="0"/>
      <line num="652" type="stmt" count="0"/>
      <line num="653" type="stmt" count="0"/>
      <line num="655" type="stmt" count="0"/>
      <line num="656" type="stmt" count="0"/>
      <line num="657" type="stmt" count="0"/>
      <line num="658" type="stmt" count="0"/>
      <line num="659" type="stmt" count="0"/>
      <line num="660" type="stmt" count="0"/>
      <line num="662" type="stmt" count="0"/>
      <line num="664" type="stmt" count="0"/>
      <line num="666" type="stmt" count="0"/>
      <line num="667" type="stmt" count="0"/>
      <line num="669" type="stmt" count="0"/>
      <line num="670" type="stmt" count="0"/>
      <line num="671" type="stmt" count="0"/>
      <line num="672" type="stmt" count="0"/>
      <line num="673" type="stmt" count="0"/>
      <line num="675" type="stmt" count="0"/>
      <line num="677" type="stmt" count="0"/>
      <line num="678" type="stmt" count="0"/>
      <line num="679" type="stmt" count="0"/>
      <line num="680" type="stmt" count="0"/>
      <line num="681" type="stmt" count="0"/>
      <line num="682" type="stmt" count="0"/>
      <line num="683" type="stmt" count="0"/>
      <line num="684" type="stmt" count="0"/>
      <line num="685" type="stmt" count="0"/>
      <line num="686" type="stmt" count="0"/>
      <line num="687" type="stmt" count="0"/>
      <line num="689" type="stmt" count="0"/>
      <line num="690" type="stmt" count="0"/>
      <line num="692" type="stmt" count="0"/>
      <line num="693" type="stmt" count="0"/>
      <line num="694" type="stmt" count="0"/>
      <line num="702" type="method" name="username_check" visibility="public" complexity="2" crap="6" count="0"/>
      <line num="703" type="stmt" count="0"/>
      <line num="704" type="stmt" count="0"/>
      <line num="706" type="stmt" count="0"/>
      <line num="707" type="stmt" count="0"/>
      <line num="708" type="stmt" count="0"/>
      <line num="709" type="stmt" count="0"/>
      <line num="711" type="stmt" count="0"/>
      <line num="713" type="stmt" count="0"/>
      <line num="714" type="stmt" count="0"/>
      <line num="715" type="stmt" count="0"/>
      <line num="716" type="stmt" count="0"/>
      <line num="717" type="stmt" count="0"/>
      <line num="718" type="stmt" count="0"/>
      <line num="726" type="method" name="email_check" visibility="public" complexity="2" crap="6" count="0"/>
      <line num="727" type="stmt" count="0"/>
      <line num="728" type="stmt" count="0"/>
      <line num="730" type="stmt" count="0"/>
      <line num="731" type="stmt" count="0"/>
      <line num="732" type="stmt" count="0"/>
      <line num="733" type="stmt" count="0"/>
      <line num="735" type="stmt" count="0"/>
      <line num="737" type="stmt" count="0"/>
      <line num="738" type="stmt" count="0"/>
      <line num="739" type="stmt" count="0"/>
      <line num="740" type="stmt" count="0"/>
      <line num="741" type="stmt" count="0"/>
      <line num="742" type="stmt" count="0"/>
      <line num="750" type="method" name="identity_check" visibility="public" complexity="2" crap="6" count="0"/>
      <line num="751" type="stmt" count="0"/>
      <line num="752" type="stmt" count="0"/>
      <line num="754" type="stmt" count="0"/>
      <line num="755" type="stmt" count="0"/>
      <line num="756" type="stmt" count="0"/>
      <line num="757" type="stmt" count="0"/>
      <line num="759" type="stmt" count="0"/>
      <line num="760" type="stmt" count="0"/>
      <line num="761" type="stmt" count="0"/>
      <line num="771" type="method" name="forgotten_password" visibility="public" complexity="9" crap="90" count="0"/>
      <line num="772" type="stmt" count="0"/>
      <line num="773" type="stmt" count="0"/>
      <line num="774" type="stmt" count="0"/>
      <line num="775" type="stmt" count="0"/>
      <line num="776" type="stmt" count="0"/>
      <line num="777" type="stmt" count="0"/>
      <line num="780" type="stmt" count="0"/>
      <line num="781" type="stmt" count="0"/>
      <line num="782" type="stmt" count="0"/>
      <line num="783" type="stmt" count="0"/>
      <line num="785" type="stmt" count="0"/>
      <line num="786" type="stmt" count="0"/>
      <line num="787" type="stmt" count="0"/>
      <line num="789" type="stmt" count="0"/>
      <line num="792" type="stmt" count="0"/>
      <line num="793" type="stmt" count="0"/>
      <line num="796" type="stmt" count="0"/>
      <line num="797" type="stmt" count="0"/>
      <line num="798" type="stmt" count="0"/>
      <line num="799" type="stmt" count="0"/>
      <line num="800" type="stmt" count="0"/>
      <line num="802" type="stmt" count="0"/>
      <line num="804" type="stmt" count="0"/>
      <line num="806" type="stmt" count="0"/>
      <line num="807" type="stmt" count="0"/>
      <line num="808" type="stmt" count="0"/>
      <line num="809" type="stmt" count="0"/>
      <line num="811" type="stmt" count="0"/>
      <line num="813" type="stmt" count="0"/>
      <line num="815" type="stmt" count="0"/>
      <line num="816" type="stmt" count="0"/>
      <line num="817" type="stmt" count="0"/>
      <line num="818" type="stmt" count="0"/>
      <line num="820" type="stmt" count="0"/>
      <line num="821" type="stmt" count="0"/>
      <line num="829" type="method" name="forgotten_password_complete" visibility="public" complexity="5" crap="30" count="0"/>
      <line num="830" type="stmt" count="0"/>
      <line num="831" type="stmt" count="0"/>
      <line num="833" type="stmt" count="0"/>
      <line num="834" type="stmt" count="0"/>
      <line num="835" type="stmt" count="0"/>
      <line num="836" type="stmt" count="0"/>
      <line num="837" type="stmt" count="0"/>
      <line num="839" type="stmt" count="0"/>
      <line num="841" type="stmt" count="0"/>
      <line num="843" type="stmt" count="0"/>
      <line num="845" type="stmt" count="0"/>
      <line num="846" type="stmt" count="0"/>
      <line num="848" type="stmt" count="0"/>
      <line num="849" type="stmt" count="0"/>
      <line num="850" type="stmt" count="0"/>
      <line num="851" type="stmt" count="0"/>
      <line num="852" type="stmt" count="0"/>
      <line num="854" type="stmt" count="0"/>
      <line num="856" type="stmt" count="0"/>
      <line num="857" type="stmt" count="0"/>
      <line num="858" type="stmt" count="0"/>
      <line num="859" type="stmt" count="0"/>
      <line num="860" type="stmt" count="0"/>
      <line num="862" type="stmt" count="0"/>
      <line num="864" type="stmt" count="0"/>
      <line num="865" type="stmt" count="0"/>
      <line num="866" type="stmt" count="0"/>
      <line num="868" type="stmt" count="0"/>
      <line num="869" type="stmt" count="0"/>
      <line num="870" type="stmt" count="0"/>
      <line num="878" type="method" name="register" visibility="public" complexity="14" crap="210" count="0"/>
      <line num="879" type="stmt" count="0"/>
      <line num="880" type="stmt" count="0"/>
      <line num="882" type="stmt" count="0"/>
      <line num="884" type="stmt" count="0"/>
      <line num="885" type="stmt" count="0"/>
      <line num="886" type="stmt" count="0"/>
      <line num="887" type="stmt" count="0"/>
      <line num="888" type="stmt" count="0"/>
      <line num="889" type="stmt" count="0"/>
      <line num="890" type="stmt" count="0"/>
      <line num="891" type="stmt" count="0"/>
      <line num="892" type="stmt" count="0"/>
      <line num="893" type="stmt" count="0"/>
      <line num="896" type="stmt" count="0"/>
      <line num="897" type="stmt" count="0"/>
      <line num="898" type="stmt" count="0"/>
      <line num="899" type="stmt" count="0"/>
      <line num="900" type="stmt" count="0"/>
      <line num="901" type="stmt" count="0"/>
      <line num="904" type="stmt" count="0"/>
      <line num="907" type="stmt" count="0"/>
      <line num="908" type="stmt" count="0"/>
      <line num="909" type="stmt" count="0"/>
      <line num="912" type="stmt" count="0"/>
      <line num="913" type="stmt" count="0"/>
      <line num="914" type="stmt" count="0"/>
      <line num="915" type="stmt" count="0"/>
      <line num="916" type="stmt" count="0"/>
      <line num="917" type="stmt" count="0"/>
      <line num="918" type="stmt" count="0"/>
      <line num="919" type="stmt" count="0"/>
      <line num="920" type="stmt" count="0"/>
      <line num="922" type="stmt" count="0"/>
      <line num="923" type="stmt" count="0"/>
      <line num="924" type="stmt" count="0"/>
      <line num="925" type="stmt" count="0"/>
      <line num="929" type="stmt" count="0"/>
      <line num="931" type="stmt" count="0"/>
      <line num="933" type="stmt" count="0"/>
      <line num="935" type="stmt" count="0"/>
      <line num="938" type="stmt" count="0"/>
      <line num="939" type="stmt" count="0"/>
      <line num="940" type="stmt" count="0"/>
      <line num="941" type="stmt" count="0"/>
      <line num="943" type="stmt" count="0"/>
      <line num="944" type="stmt" count="0"/>
      <line num="946" type="stmt" count="0"/>
      <line num="947" type="stmt" count="0"/>
      <line num="948" type="stmt" count="0"/>
      <line num="949" type="stmt" count="0"/>
      <line num="950" type="stmt" count="0"/>
      <line num="952" type="stmt" count="0"/>
      <line num="954" type="stmt" count="0"/>
      <line num="955" type="stmt" count="0"/>
      <line num="963" type="method" name="login" visibility="public" complexity="9" crap="90" count="0"/>
      <line num="964" type="stmt" count="0"/>
      <line num="965" type="stmt" count="0"/>
      <line num="967" type="stmt" count="0"/>
      <line num="968" type="stmt" count="0"/>
      <line num="969" type="stmt" count="0"/>
      <line num="970" type="stmt" count="0"/>
      <line num="971" type="stmt" count="0"/>
      <line num="973" type="stmt" count="0"/>
      <line num="975" type="stmt" count="0"/>
      <line num="976" type="stmt" count="0"/>
      <line num="977" type="stmt" count="0"/>
      <line num="978" type="stmt" count="0"/>
      <line num="979" type="stmt" count="0"/>
      <line num="981" type="stmt" count="0"/>
      <line num="982" type="stmt" count="0"/>
      <line num="984" type="stmt" count="0"/>
      <line num="986" type="stmt" count="0"/>
      <line num="987" type="stmt" count="0"/>
      <line num="989" type="stmt" count="0"/>
      <line num="990" type="stmt" count="0"/>
      <line num="992" type="stmt" count="0"/>
      <line num="993" type="stmt" count="0"/>
      <line num="994" type="stmt" count="0"/>
      <line num="996" type="stmt" count="0"/>
      <line num="998" type="stmt" count="0"/>
      <line num="999" type="stmt" count="0"/>
      <line num="1000" type="stmt" count="0"/>
      <line num="1001" type="stmt" count="0"/>
      <line num="1002" type="stmt" count="0"/>
      <line num="1003" type="stmt" count="0"/>
      <line num="1005" type="stmt" count="0"/>
      <line num="1006" type="stmt" count="0"/>
      <line num="1008" type="stmt" count="0"/>
      <line num="1010" type="stmt" count="0"/>
      <line num="1012" type="stmt" count="0"/>
      <line num="1014" type="stmt" count="0"/>
      <line num="1015" type="stmt" count="0"/>
      <line num="1016" type="stmt" count="0"/>
      <line num="1017" type="stmt" count="0"/>
      <line num="1019" type="stmt" count="0"/>
      <line num="1020" type="stmt" count="0"/>
      <line num="1022" type="stmt" count="0"/>
      <line num="1023" type="stmt" count="0"/>
      <line num="1024" type="stmt" count="0"/>
      <line num="1027" type="stmt" count="0"/>
      <line num="1029" type="stmt" count="0"/>
      <line num="1031" type="stmt" count="0"/>
      <line num="1032" type="stmt" count="0"/>
      <line num="1034" type="stmt" count="0"/>
      <line num="1035" type="stmt" count="0"/>
      <line num="1042" type="method" name="recheck_session" visibility="public" complexity="6" crap="42" count="0"/>
      <line num="1043" type="stmt" count="0"/>
      <line num="1044" type="stmt" count="0"/>
      <line num="1046" type="stmt" count="0"/>
      <line num="1047" type="stmt" count="0"/>
      <line num="1048" type="stmt" count="0"/>
      <line num="1049" type="stmt" count="0"/>
      <line num="1050" type="stmt" count="0"/>
      <line num="1051" type="stmt" count="0"/>
      <line num="1052" type="stmt" count="0"/>
      <line num="1053" type="stmt" count="0"/>
      <line num="1054" type="stmt" count="0"/>
      <line num="1055" type="stmt" count="0"/>
      <line num="1056" type="stmt" count="0"/>
      <line num="1057" type="stmt" count="0"/>
      <line num="1058" type="stmt" count="0"/>
      <line num="1059" type="stmt" count="0"/>
      <line num="1060" type="stmt" count="0"/>
      <line num="1061" type="stmt" count="0"/>
      <line num="1062" type="stmt" count="0"/>
      <line num="1064" type="stmt" count="0"/>
      <line num="1066" type="stmt" count="0"/>
      <line num="1067" type="stmt" count="0"/>
      <line num="1068" type="stmt" count="0"/>
      <line num="1069" type="stmt" count="0"/>
      <line num="1070" type="stmt" count="0"/>
      <line num="1071" type="stmt" count="0"/>
      <line num="1072" type="stmt" count="0"/>
      <line num="1073" type="stmt" count="0"/>
      <line num="1074" type="stmt" count="0"/>
      <line num="1075" type="stmt" count="0"/>
      <line num="1076" type="stmt" count="0"/>
      <line num="1077" type="stmt" count="0"/>
      <line num="1079" type="stmt" count="0"/>
      <line num="1080" type="stmt" count="0"/>
      <line num="1089" type="method" name="is_max_login_attempts_exceeded" visibility="public" complexity="3" crap="12" count="0"/>
      <line num="1090" type="stmt" count="0"/>
      <line num="1091" type="stmt" count="0"/>
      <line num="1092" type="stmt" count="0"/>
      <line num="1093" type="stmt" count="0"/>
      <line num="1094" type="stmt" count="0"/>
      <line num="1095" type="stmt" count="0"/>
      <line num="1096" type="stmt" count="0"/>
      <line num="1097" type="stmt" count="0"/>
      <line num="1098" type="stmt" count="0"/>
      <line num="1107" type="method" name="get_attempts_num" visibility="public" complexity="4" crap="20" count="0"/>
      <line num="1108" type="stmt" count="0"/>
      <line num="1109" type="stmt" count="0"/>
      <line num="1110" type="stmt" count="0"/>
      <line num="1111" type="stmt" count="0"/>
      <line num="1112" type="stmt" count="0"/>
      <line num="1113" type="stmt" count="0"/>
      <line num="1114" type="stmt" count="0"/>
      <line num="1115" type="stmt" count="0"/>
      <line num="1116" type="stmt" count="0"/>
      <line num="1117" type="stmt" count="0"/>
      <line num="1118" type="stmt" count="0"/>
      <line num="1119" type="stmt" count="0"/>
      <line num="1120" type="stmt" count="0"/>
      <line num="1128" type="method" name="is_time_locked_out" visibility="public" complexity="2" crap="6" count="0"/>
      <line num="1130" type="stmt" count="0"/>
      <line num="1131" type="stmt" count="0"/>
      <line num="1139" type="method" name="get_last_attempt_time" visibility="public" complexity="5" crap="30" count="0"/>
      <line num="1140" type="stmt" count="0"/>
      <line num="1141" type="stmt" count="0"/>
      <line num="1143" type="stmt" count="0"/>
      <line num="1144" type="stmt" count="0"/>
      <line num="1145" type="stmt" count="0"/>
      <line num="1146" type="stmt" count="0"/>
      <line num="1147" type="stmt" count="0"/>
      <line num="1149" type="stmt" count="0"/>
      <line num="1150" type="stmt" count="0"/>
      <line num="1151" type="stmt" count="0"/>
      <line num="1152" type="stmt" count="0"/>
      <line num="1154" type="stmt" count="0"/>
      <line num="1155" type="stmt" count="0"/>
      <line num="1163" type="method" name="increase_login_attempts" visibility="public" complexity="2" crap="6" count="0"/>
      <line num="1164" type="stmt" count="0"/>
      <line num="1165" type="stmt" count="0"/>
      <line num="1166" type="stmt" count="0"/>
      <line num="1167" type="stmt" count="0"/>
      <line num="1168" type="stmt" count="0"/>
      <line num="1169" type="stmt" count="0"/>
      <line num="1177" type="method" name="clear_login_attempts" visibility="public" complexity="2" crap="6" count="0"/>
      <line num="1178" type="stmt" count="0"/>
      <line num="1179" type="stmt" count="0"/>
      <line num="1181" type="stmt" count="0"/>
      <line num="1183" type="stmt" count="0"/>
      <line num="1185" type="stmt" count="0"/>
      <line num="1186" type="stmt" count="0"/>
      <line num="1187" type="stmt" count="0"/>
      <line num="1188" type="stmt" count="0"/>
      <line num="1190" type="method" name="limit" visibility="public" complexity="1" crap="2" count="0"/>
      <line num="1191" type="stmt" count="0"/>
      <line num="1192" type="stmt" count="0"/>
      <line num="1193" type="stmt" count="0"/>
      <line num="1195" type="stmt" count="0"/>
      <line num="1196" type="stmt" count="0"/>
      <line num="1198" type="method" name="offset" visibility="public" complexity="1" crap="2" count="0"/>
      <line num="1199" type="stmt" count="0"/>
      <line num="1200" type="stmt" count="0"/>
      <line num="1201" type="stmt" count="0"/>
      <line num="1203" type="stmt" count="0"/>
      <line num="1204" type="stmt" count="0"/>
      <line num="1206" type="method" name="where" visibility="public" complexity="2" crap="6" count="0"/>
      <line num="1207" type="stmt" count="0"/>
      <line num="1208" type="stmt" count="0"/>
      <line num="1210" type="stmt" count="0"/>
      <line num="1211" type="stmt" count="0"/>
      <line num="1212" type="stmt" count="0"/>
      <line num="1213" type="stmt" count="0"/>
      <line num="1215" type="stmt" count="0"/>
      <line num="1217" type="stmt" count="0"/>
      <line num="1218" type="stmt" count="0"/>
      <line num="1220" type="method" name="like" visibility="public" complexity="1" crap="2" count="0"/>
      <line num="1221" type="stmt" count="0"/>
      <line num="1222" type="stmt" count="0"/>
      <line num="1224" type="stmt" count="0"/>
      <line num="1225" type="stmt" count="0"/>
      <line num="1226" type="stmt" count="0"/>
      <line num="1227" type="stmt" count="0"/>
      <line num="1228" type="stmt" count="0"/>
      <line num="1230" type="stmt" count="0"/>
      <line num="1231" type="stmt" count="0"/>
      <line num="1233" type="method" name="select" visibility="public" complexity="1" crap="2" count="0"/>
      <line num="1234" type="stmt" count="0"/>
      <line num="1235" type="stmt" count="0"/>
      <line num="1237" type="stmt" count="0"/>
      <line num="1239" type="stmt" count="0"/>
      <line num="1240" type="stmt" count="0"/>
      <line num="1242" type="method" name="order_by" visibility="public" complexity="1" crap="2" count="0"/>
      <line num="1243" type="stmt" count="0"/>
      <line num="1244" type="stmt" count="0"/>
      <line num="1246" type="stmt" count="0"/>
      <line num="1247" type="stmt" count="0"/>
      <line num="1249" type="stmt" count="0"/>
      <line num="1250" type="stmt" count="0"/>
      <line num="1252" type="method" name="row" visibility="public" complexity="1" crap="2" count="0"/>
      <line num="1253" type="stmt" count="0"/>
      <line num="1254" type="stmt" count="0"/>
      <line num="1256" type="stmt" count="0"/>
      <line num="1258" type="stmt" count="0"/>
      <line num="1259" type="stmt" count="0"/>
      <line num="1261" type="method" name="row_array" visibility="public" complexity="1" crap="2" count="0"/>
      <line num="1262" type="stmt" count="0"/>
      <line num="1263" type="stmt" count="0"/>
      <line num="1265" type="stmt" count="0"/>
      <line num="1267" type="stmt" count="0"/>
      <line num="1268" type="stmt" count="0"/>
      <line num="1270" type="method" name="result" visibility="public" complexity="1" crap="2" count="0"/>
      <line num="1271" type="stmt" count="0"/>
      <line num="1272" type="stmt" count="0"/>
      <line num="1274" type="stmt" count="0"/>
      <line num="1276" type="stmt" count="0"/>
      <line num="1277" type="stmt" count="0"/>
      <line num="1279" type="method" name="result_array" visibility="public" complexity="1" crap="2" count="0"/>
      <line num="1280" type="stmt" count="0"/>
      <line num="1281" type="stmt" count="0"/>
      <line num="1283" type="stmt" count="0"/>
      <line num="1285" type="stmt" count="0"/>
      <line num="1286" type="stmt" count="0"/>
      <line num="1288" type="method" name="num_rows" visibility="public" complexity="1" crap="2" count="0"/>
      <line num="1289" type="stmt" count="0"/>
      <line num="1290" type="stmt" count="0"/>
      <line num="1292" type="stmt" count="0"/>
      <line num="1294" type="stmt" count="0"/>
      <line num="1295" type="stmt" count="0"/>
      <line num="1303" type="method" name="users" visibility="public" complexity="25" crap="650" count="0"/>
      <line num="1304" type="stmt" count="0"/>
      <line num="1305" type="stmt" count="0"/>
      <line num="1307" type="stmt" count="0"/>
      <line num="1308" type="stmt" count="0"/>
      <line num="1309" type="stmt" count="0"/>
      <line num="1310" type="stmt" count="0"/>
      <line num="1311" type="stmt" count="0"/>
      <line num="1312" type="stmt" count="0"/>
      <line num="1314" type="stmt" count="0"/>
      <line num="1315" type="stmt" count="0"/>
      <line num="1316" type="stmt" count="0"/>
      <line num="1317" type="stmt" count="0"/>
      <line num="1319" type="stmt" count="0"/>
      <line num="1320" type="stmt" count="0"/>
      <line num="1321" type="stmt" count="0"/>
      <line num="1322" type="stmt" count="0"/>
      <line num="1323" type="stmt" count="0"/>
      <line num="1324" type="stmt" count="0"/>
      <line num="1327" type="stmt" count="0"/>
      <line num="1328" type="stmt" count="0"/>
      <line num="1330" type="stmt" count="0"/>
      <line num="1331" type="stmt" count="0"/>
      <line num="1332" type="stmt" count="0"/>
      <line num="1333" type="stmt" count="0"/>
      <line num="1336" type="stmt" count="0"/>
      <line num="1337" type="stmt" count="0"/>
      <line num="1338" type="stmt" count="0"/>
      <line num="1339" type="stmt" count="0"/>
      <line num="1340" type="stmt" count="0"/>
      <line num="1341" type="stmt" count="0"/>
      <line num="1342" type="stmt" count="0"/>
      <line num="1343" type="stmt" count="0"/>
      <line num="1344" type="stmt" count="0"/>
      <line num="1347" type="stmt" count="0"/>
      <line num="1348" type="stmt" count="0"/>
      <line num="1349" type="stmt" count="0"/>
      <line num="1350" type="stmt" count="0"/>
      <line num="1351" type="stmt" count="0"/>
      <line num="1352" type="stmt" count="0"/>
      <line num="1353" type="stmt" count="0"/>
      <line num="1354" type="stmt" count="0"/>
      <line num="1356" type="stmt" count="0"/>
      <line num="1357" type="stmt" count="0"/>
      <line num="1358" type="stmt" count="0"/>
      <line num="1359" type="stmt" count="0"/>
      <line num="1360" type="stmt" count="0"/>
      <line num="1361" type="stmt" count="0"/>
      <line num="1362" type="stmt" count="0"/>
      <line num="1363" type="stmt" count="0"/>
      <line num="1364" type="stmt" count="0"/>
      <line num="1365" type="stmt" count="0"/>
      <line num="1367" type="stmt" count="0"/>
      <line num="1370" type="stmt" count="0"/>
      <line num="1371" type="stmt" count="0"/>
      <line num="1372" type="stmt" count="0"/>
      <line num="1373" type="stmt" count="0"/>
      <line num="1374" type="stmt" count="0"/>
      <line num="1375" type="stmt" count="0"/>
      <line num="1377" type="stmt" count="0"/>
      <line num="1378" type="stmt" count="0"/>
      <line num="1380" type="stmt" count="0"/>
      <line num="1381" type="stmt" count="0"/>
      <line num="1382" type="stmt" count="0"/>
      <line num="1383" type="stmt" count="0"/>
      <line num="1384" type="stmt" count="0"/>
      <line num="1385" type="stmt" count="0"/>
      <line num="1387" type="stmt" count="0"/>
      <line num="1388" type="stmt" count="0"/>
      <line num="1390" type="stmt" count="0"/>
      <line num="1391" type="stmt" count="0"/>
      <line num="1392" type="stmt" count="0"/>
      <line num="1394" type="stmt" count="0"/>
      <line num="1395" type="stmt" count="0"/>
      <line num="1396" type="stmt" count="0"/>
      <line num="1397" type="stmt" count="0"/>
      <line num="1398" type="stmt" count="0"/>
      <line num="1399" type="stmt" count="0"/>
      <line num="1401" type="stmt" count="0"/>
      <line num="1402" type="stmt" count="0"/>
      <line num="1405" type="stmt" count="0"/>
      <line num="1406" type="stmt" count="0"/>
      <line num="1407" type="stmt" count="0"/>
      <line num="1409" type="stmt" count="0"/>
      <line num="1410" type="stmt" count="0"/>
      <line num="1411" type="stmt" count="0"/>
      <line num="1413" type="stmt" count="0"/>
      <line num="1415" type="stmt" count="0"/>
      <line num="1416" type="stmt" count="0"/>
      <line num="1424" type="method" name="user" visibility="public" complexity="2" crap="6" count="0"/>
      <line num="1425" type="stmt" count="0"/>
      <line num="1426" type="stmt" count="0"/>
      <line num="1429" type="stmt" count="0"/>
      <line num="1431" type="stmt" count="0"/>
      <line num="1432" type="stmt" count="0"/>
      <line num="1433" type="stmt" count="0"/>
      <line num="1435" type="stmt" count="0"/>
      <line num="1437" type="stmt" count="0"/>
      <line num="1438" type="stmt" count="0"/>
      <line num="1446" type="method" name="get_users_groups" visibility="public" complexity="2" crap="6" count="0"/>
      <line num="1447" type="stmt" count="0"/>
      <line num="1448" type="stmt" count="0"/>
      <line num="1451" type="stmt" count="0"/>
      <line num="1453" type="stmt" count="0"/>
      <line num="1454" type="stmt" count="0"/>
      <line num="1455" type="stmt" count="0"/>
      <line num="1456" type="stmt" count="0"/>
      <line num="1457" type="stmt" count="0"/>
      <line num="1465" type="method" name="add_to_group" visibility="public" complexity="6" crap="42" count="0"/>
      <line num="1466" type="stmt" count="0"/>
      <line num="1467" type="stmt" count="0"/>
      <line num="1470" type="stmt" count="0"/>
      <line num="1472" type="stmt" count="0"/>
      <line num="1473" type="stmt" count="0"/>
      <line num="1474" type="stmt" count="0"/>
      <line num="1475" type="stmt" count="0"/>
      <line num="1477" type="stmt" count="0"/>
      <line num="1480" type="stmt" count="0"/>
      <line num="1481" type="stmt" count="0"/>
      <line num="1482" type="stmt" count="0"/>
      <line num="1483" type="stmt" count="0"/>
      <line num="1484" type="stmt" count="0"/>
      <line num="1485" type="stmt" count="0"/>
      <line num="1486" type="stmt" count="0"/>
      <line num="1487" type="stmt" count="0"/>
      <line num="1488" type="stmt" count="0"/>
      <line num="1489" type="stmt" count="0"/>
      <line num="1490" type="stmt" count="0"/>
      <line num="1491" type="stmt" count="0"/>
      <line num="1492" type="stmt" count="0"/>
      <line num="1495" type="stmt" count="0"/>
      <line num="1496" type="stmt" count="0"/>
      <line num="1497" type="stmt" count="0"/>
      <line num="1499" type="stmt" count="0"/>
      <line num="1500" type="stmt" count="0"/>
      <line num="1508" type="method" name="remove_from_group" visibility="public" complexity="8" crap="72" count="0"/>
      <line num="1509" type="stmt" count="0"/>
      <line num="1510" type="stmt" count="0"/>
      <line num="1513" type="stmt" count="0"/>
      <line num="1514" type="stmt" count="0"/>
      <line num="1515" type="stmt" count="0"/>
      <line num="1516" type="stmt" count="0"/>
      <line num="1519" type="stmt" count="0"/>
      <line num="1520" type="stmt" count="0"/>
      <line num="1521" type="stmt" count="0"/>
      <line num="1522" type="stmt" count="0"/>
      <line num="1523" type="stmt" count="0"/>
      <line num="1524" type="stmt" count="0"/>
      <line num="1526" type="stmt" count="0"/>
      <line num="1527" type="stmt" count="0"/>
      <line num="1528" type="stmt" count="0"/>
      <line num="1529" type="stmt" count="0"/>
      <line num="1530" type="stmt" count="0"/>
      <line num="1531" type="stmt" count="0"/>
      <line num="1532" type="stmt" count="0"/>
      <line num="1533" type="stmt" count="0"/>
      <line num="1535" type="stmt" count="0"/>
      <line num="1536" type="stmt" count="0"/>
      <line num="1538" type="stmt" count="0"/>
      <line num="1539" type="stmt" count="0"/>
      <line num="1540" type="stmt" count="0"/>
      <line num="1541" type="stmt" count="0"/>
      <line num="1542" type="stmt" count="0"/>
      <line num="1543" type="stmt" count="0"/>
      <line num="1544" type="stmt" count="0"/>
      <line num="1545" type="stmt" count="0"/>
      <line num="1553" type="method" name="groups" visibility="public" complexity="9" crap="90" count="0"/>
      <line num="1554" type="stmt" count="0"/>
      <line num="1555" type="stmt" count="0"/>
      <line num="1558" type="stmt" count="0"/>
      <line num="1559" type="stmt" count="0"/>
      <line num="1560" type="stmt" count="0"/>
      <line num="1561" type="stmt" count="0"/>
      <line num="1562" type="stmt" count="0"/>
      <line num="1563" type="stmt" count="0"/>
      <line num="1564" type="stmt" count="0"/>
      <line num="1565" type="stmt" count="0"/>
      <line num="1567" type="stmt" count="0"/>
      <line num="1568" type="stmt" count="0"/>
      <line num="1569" type="stmt" count="0"/>
      <line num="1571" type="stmt" count="0"/>
      <line num="1572" type="stmt" count="0"/>
      <line num="1573" type="stmt" count="0"/>
      <line num="1574" type="stmt" count="0"/>
      <line num="1575" type="stmt" count="0"/>
      <line num="1576" type="stmt" count="0"/>
      <line num="1578" type="stmt" count="0"/>
      <line num="1579" type="stmt" count="0"/>
      <line num="1582" type="stmt" count="0"/>
      <line num="1583" type="stmt" count="0"/>
      <line num="1584" type="stmt" count="0"/>
      <line num="1585" type="stmt" count="0"/>
      <line num="1587" type="stmt" count="0"/>
      <line num="1589" type="stmt" count="0"/>
      <line num="1590" type="stmt" count="0"/>
      <line num="1598" type="method" name="group" visibility="public" complexity="2" crap="6" count="0"/>
      <line num="1599" type="stmt" count="0"/>
      <line num="1600" type="stmt" count="0"/>
      <line num="1602" type="stmt" count="0"/>
      <line num="1603" type="stmt" count="0"/>
      <line num="1604" type="stmt" count="0"/>
      <line num="1605" type="stmt" count="0"/>
      <line num="1607" type="stmt" count="0"/>
      <line num="1608" type="stmt" count="0"/>
      <line num="1610" type="stmt" count="0"/>
      <line num="1611" type="stmt" count="0"/>
      <line num="1619" type="method" name="update" visibility="public" complexity="10" crap="110" count="0"/>
      <line num="1620" type="stmt" count="0"/>
[...]
      <line num="18" type="stmt" count="0"/>
      <line num="20" type="stmt" count="0"/>
      <line num="21" type="stmt" count="0"/>
      <line num="22" type="stmt" count="0"/>
      <line num="23" type="stmt" count="0"/>
      <line num="24" type="stmt" count="0"/>
      <line num="26" type="stmt" count="0"/>
      <line num="27" type="stmt" count="0"/>
      <line num="28" type="stmt" count="0"/>
      <line num="29" type="stmt" count="0"/>
      <line num="30" type="stmt" count="0"/>
      <line num="31" type="stmt" count="0"/>
      <line num="32" type="stmt" count="0"/>
      <line num="33" type="stmt" count="0"/>
      <line num="34" type="stmt" count="0"/>
      <line num="36" type="stmt" count="0"/>
      <line num="37" type="stmt" count="0"/>
      <line num="38" type="stmt" count="0"/>
      <line num="39" type="stmt" count="0"/>
      <line num="40" type="stmt" count="0"/>
      <line num="41" type="stmt" count="0"/>
      <line num="42" type="stmt" count="0"/>
      <line num="43" type="stmt" count="0"/>
      <line num="44" type="stmt" count="0"/>
      <line num="45" type="stmt" count="0"/>
      <line num="47" type="stmt" count="0"/>
      <line num="48" type="stmt" count="0"/>
      <line num="49" type="stmt" count="0"/>
      <line num="50" type="stmt" count="0"/>
      <line num="51" type="stmt" count="0"/>
      <line num="53" type="stmt" count="0"/>
      <line num="54" type="stmt" count="0"/>
      <line num="55" type="stmt" count="0"/>
      <line num="56" type="stmt" count="0"/>
      <line num="57" type="stmt" count="0"/>
      <line num="58" type="stmt" count="0"/>
      <line num="59" type="stmt" count="0"/>
      <line num="62" type="stmt" count="0"/>
      <line num="63" type="stmt" count="0"/>
      <line num="64" type="stmt" count="0"/>
      <metrics loc="63" ncloc="63" classes="0" methods="0" coveredmethods="0" conditionals="0" coveredconditionals="0" statements="52" coveredstatements="0" elements="52" coveredelements="0"/>
    </file>
    <file name="/var/www/html2/application/views/errors/html/error_db.php">
      <line num="2" type="stmt" count="0"/>
      <line num="4" type="stmt" count="0"/>
      <line num="5" type="stmt" count="0"/>
      <line num="6" type="stmt" count="0"/>
      <line num="7" type="stmt" count="0"/>
      <line num="8" type="stmt" count="0"/>
      <line num="10" type="stmt" count="0"/>
      <line num="11" type="stmt" count="0"/>
      <line num="13" type="stmt" count="0"/>
      <line num="14" type="stmt" count="0"/>
      <line num="15" type="stmt" count="0"/>
      <line num="16" type="stmt" count="0"/>
      <line num="17" type="stmt" count="0"/>
      <line num="18" type="stmt" count="0"/>
      <line num="20" type="stmt" count="0"/>
      <line num="21" type="stmt" count="0"/>
      <line num="22" type="stmt" count="0"/>
      <line num="23" type="stmt" count="0"/>
      <line num="24" type="stmt" count="0"/>
      <line num="26" type="stmt" count="0"/>
      <line num="27" type="stmt" count="0"/>
      <line num="28" type="stmt" count="0"/>
      <line num="29" type="stmt" count="0"/>
      <line num="30" type="stmt" count="0"/>
      <line num="31" type="stmt" count="0"/>
      <line num="32" type="stmt" count="0"/>
      <line num="33" type="stmt" count="0"/>
      <line num="34" type="stmt" count="0"/>
      <line num="36" type="stmt" count="0"/>
      <line num="37" type="stmt" count="0"/>
      <line num="38" type="stmt" count="0"/>
      <line num="39" type="stmt" count="0"/>
      <line num="40" type="stmt" count="0"/>
      <line num="41" type="stmt" count="0"/>
      <line num="42" type="stmt" count="0"/>
      <line num="43" type="stmt" count="0"/>
      <line num="44" type="stmt" count="0"/>
      <line num="45" type="stmt" count="0"/>
      <line num="47" type="stmt" count="0"/>
      <line num="48" type="stmt" count="0"/>
      <line num="49" type="stmt" count="0"/>
      <line num="50" type="stmt" count="0"/>
      <line num="51" type="stmt" count="0"/>
      <line num="53" type="stmt" count="0"/>
      <line num="54" type="stmt" count="0"/>
      <line num="55" type="stmt" count="0"/>
      <line num="56" type="stmt" count="0"/>
      <line num="57" type="stmt" count="0"/>
      <line num="58" type="stmt" count="0"/>
      <line num="59" type="stmt" count="0"/>
      <line num="62" type="stmt" count="0"/>
      <line num="63" type="stmt" count="0"/>
      <line num="64" type="stmt" count="0"/>
      <metrics loc="63" ncloc="63" classes="0" methods="0" coveredmethods="0" conditionals="0" coveredconditionals="0" statements="52" coveredstatements="0" elements="52" coveredelements="0"/>
    </file>
    <file name="/var/www/html2/application/views/errors/html/error_exception.php">
      <line num="2" type="stmt" count="0"/>
      <line num="5" type="stmt" count="0"/>
      <line num="7" type="stmt" count="0"/>
      <line num="16" type="stmt" count="0"/>
      <line num="21" type="stmt" count="0"/>
      <line num="25" type="stmt" count="0"/>
      <line num="32" type="stmt" count="0"/>
      <metrics loc="31" ncloc="31" classes="0" methods="0" coveredmethods="0" conditionals="0" coveredconditionals="0" statements="6" coveredstatements="0" elements="6" coveredelements="0"/>
    </file>
    <file name="/var/www/html2/application/views/errors/html/error_general.php">
      <line num="2" type="stmt" count="0"/>
      <line num="4" type="stmt" count="0"/>
      <line num="5" type="stmt" count="0"/>
      <line num="6" type="stmt" count="0"/>
      <line num="7" type="stmt" count="0"/>
      <line num="8" type="stmt" count="0"/>
      <line num="10" type="stmt" count="0"/>
      <line num="11" type="stmt" count="0"/>
      <line num="13" type="stmt" count="0"/>
      <line num="14" type="stmt" count="0"/>
      <line num="15" type="stmt" count="0"/>
      <line num="16" type="stmt" count="0"/>
      <line num="17" type="stmt" count="0"/>
      <line num="18" type="stmt" count="0"/>
      <line num="20" type="stmt" count="0"/>
      <line num="21" type="stmt" count="0"/>
      <line num="22" type="stmt" count="0"/>
      <line num="23" type="stmt" count="0"/>
      <line num="24" type="stmt" count="0"/>
      <line num="26" type="stmt" count="0"/>
      <line num="27" type="stmt" count="0"/>
      <line num="28" type="stmt" count="0"/>
      <line num="29" type="stmt" count="0"/>
      <line num="30" type="stmt" count="0"/>
      <line num="31" type="stmt" count="0"/>
      <line num="32" type="stmt" count="0"/>
      <line num="33" type="stmt" count="0"/>
      <line num="34" type="stmt" count="0"/>
      <line num="36" type="stmt" count="0"/>
      <line num="37" type="stmt" count="0"/>
      <line num="38" type="stmt" count="0"/>
      <line num="39" type="stmt" count="0"/>
      <line num="40" type="stmt" count="0"/>
      <line num="41" type="stmt" count="0"/>
      <line num="42" type="stmt" count="0"/>
      <line num="43" type="stmt" count="0"/>
      <line num="44" type="stmt" count="0"/>
      <line num="45" type="stmt" count="0"/>
      <line num="47" type="stmt" count="0"/>
      <line num="48" type="stmt" count="0"/>
      <line num="49" type="stmt" count="0"/>
      <line num="50" type="stmt" count="0"/>
      <line num="51" type="stmt" count="0"/>
      <line num="53" type="stmt" count="0"/>
      <line num="54" type="stmt" count="0"/>
      <line num="55" type="stmt" count="0"/>
      <line num="56" type="stmt" count="0"/>
      <line num="57" type="stmt" count="0"/>
      <line num="58" type="stmt" count="0"/>
      <line num="59" type="stmt" count="0"/>
      <line num="62" type="stmt" count="0"/>
      <line num="63" type="stmt" count="0"/>
      <line num="64" type="stmt" count="0"/>
      <metrics loc="63" ncloc="63" classes="0" methods="0" coveredmethods="0" conditionals="0" coveredconditionals="0" statements="52" coveredstatements="0" elements="52" coveredelements="0"/>
    </file>
    <file name="/var/www/html2/application/views/errors/html/error_php.php">
      <line num="2" type="stmt" count="0"/>
      <line num="5" type="stmt" count="0"/>
      <line num="7" type="stmt" count="0"/>
      <line num="16" type="stmt" count="0"/>
      <line num="21" type="stmt" count="0"/>
      <line num="25" type="stmt" count="0"/>
      <line num="33" type="stmt" count="0"/>
      <metrics loc="32" ncloc="32" classes="0" methods="0" coveredmethods="0" conditionals="0" coveredconditionals="0" statements="6" coveredstatements="0" elements="6" coveredelements="0"/>
    </file>
    <file name="/var/www/html2/application/views/news/create.php">
      <line num="7" type="stmt" count="0"/>
      <line num="8" type="stmt" count="0"/>
      <line num="10" type="stmt" count="0"/>
      <line num="11" type="stmt" count="0"/>
      <line num="13" type="stmt" count="0"/>
      <line num="15" type="stmt" count="0"/>
      <metrics loc="15" ncloc="15" classes="0" methods="0" coveredmethods="0" conditionals="0" coveredconditionals="0" statements="6" coveredstatements="0" elements="6" coveredelements="0"/>
    </file>
    <file name="/var/www/html2/application/views/news/index.php">
      <line num="6" type="stmt" count="0"/>
      <line num="8" type="stmt" count="0"/>
      <metrics loc="11" ncloc="11" classes="0" methods="0" coveredmethods="0" conditionals="0" coveredconditionals="0" statements="2" coveredstatements="0" elements="2" coveredelements="0"/>
    </file>
    <file name="/var/www/html2/application/views/news/success.php">
      <line num="1" type="stmt" count="0"/>
      <metrics loc="1" ncloc="1" classes="0" methods="0" coveredmethods="0" conditionals="0" coveredconditionals="0" statements="1" coveredstatements="0" elements="1" coveredelements="0"/>
    </file>
    <file name="/var/www/html2/application/views/news/view.php">
      <line num="2" type="stmt" count="0"/>
      <line num="3" type="stmt" count="0"/>
      <metrics loc="4" ncloc="4" classes="0" methods="0" coveredmethods="0" conditionals="0" coveredconditionals="0" statements="2" coveredstatements="0" elements="2" coveredelements="0"/>
    </file>
    <file name="/var/www/html2/application/views/pages/about.php">
      <line num="1" type="stmt" count="0"/>
      <metrics loc="1" ncloc="1" classes="0" methods="0" coveredmethods="0" conditionals="0" coveredconditionals="0" statements="1" coveredstatements="0" elements="1" coveredelements="0"/>
    </file>
    <file name="/var/www/html2/application/views/pages/home.php">
      <line num="1" type="stmt" count="0"/>
      <metrics loc="1" ncloc="1" classes="0" methods="0" coveredmethods="0" conditionals="0" coveredconditionals="0" statements="1" coveredstatements="0" elements="1" coveredelements="0"/>
    </file>
    <file name="/var/www/html2/application/views/register/index_view.php">
      <line num="2" type="stmt" count="0"/>
      <line num="4" type="stmt" count="0"/>
      <line num="6" type="stmt" count="0"/>
      <line num="8" type="stmt" count="0"/>
      <line num="9" type="stmt" count="0"/>
      <line num="10" type="stmt" count="0"/>
      <line num="11" type="stmt" count="0"/>
      <line num="12" type="stmt" count="0"/>
      <line num="13" type="stmt" count="0"/>
      <line num="14" type="stmt" count="0"/>
      <line num="15" type="stmt" count="0"/>
      <line num="16" type="stmt" count="0"/>
      <line num="17" type="stmt" count="0"/>
      <line num="18" type="stmt" count="0"/>
      <line num="19" type="stmt" count="0"/>
      <line num="20" type="stmt" count="0"/>
      <line num="21" type="stmt" count="0"/>
      <line num="22" type="stmt" count="0"/>
      <line num="23" type="stmt" count="0"/>
      <line num="24" type="stmt" count="0"/>
      <line num="25" type="stmt" count="0"/>
      <line num="26" type="stmt" count="0"/>
      <line num="27" type="stmt" count="0"/>
      <line num="28" type="stmt" count="0"/>
      <line num="30" type="stmt" count="0"/>
      <metrics loc="30" ncloc="30" classes="0" methods="0" coveredmethods="0" conditionals="0" coveredconditionals="0" statements="25" coveredstatements="0" elements="25" coveredelements="0"/>
    </file>
    <file name="/var/www/html2/application/views/templates/_parts/auth_master_footer_view.php">
      <line num="2" type="stmt" count="0"/>
      <line num="3" type="stmt" count="0"/>
      <line num="5" type="stmt" count="0"/>
      <line num="6" type="stmt" count="0"/>
      <line num="8" type="stmt" count="0"/>
      <line num="9" type="stmt" count="0"/>
      <line num="10" type="stmt" count="0"/>
      <line num="14" type="stmt" count="0"/>
      <line num="15" type="stmt" count="0"/>
      <metrics loc="15" ncloc="15" classes="0" methods="0" coveredmethods="0" conditionals="0" coveredconditionals="0" statements="9" coveredstatements="0" elements="9" coveredelements="0"/>
    </file>
    <file name="/var/www/html2/application/views/templates/_parts/auth_master_header_view.php">
      <line num="2" type="stmt" count="0"/>
      <line num="3" type="stmt" count="0"/>
      <line num="4" type="stmt" count="0"/>
      <line num="5" type="stmt" count="0"/>
      <line num="6" type="stmt" count="0"/>
      <line num="7" type="stmt" count="0"/>
      <line num="10" type="stmt" count="0"/>
      <line num="13" type="stmt" count="0"/>
      <line num="14" type="stmt" count="0"/>
      <line num="15" type="stmt" count="0"/>
      <line num="16" type="stmt" count="0"/>
      <line num="17" type="stmt" count="0"/>
      <line num="18" type="stmt" count="0"/>
      <line num="20" type="stmt" count="0"/>
      <line num="21" type="stmt" count="0"/>
      <metrics loc="22" ncloc="22" classes="0" methods="0" coveredmethods="0" conditionals="0" coveredconditionals="0" statements="15" coveredstatements="0" elements="15" coveredelements="0"/>
    </file>
    <file name="/var/www/html2/application/views/templates/_parts/public_master_footer_view.php">
      <line num="2" type="stmt" count="0"/>
      <line num="3" type="stmt" count="0"/>
      <line num="5" type="stmt" count="0"/>
      <line num="6" type="stmt" count="0"/>
      <line num="8" type="stmt" count="0"/>
      <line num="9" type="stmt" count="0"/>
      <line num="10" type="stmt" count="0"/>
      <line num="15" type="stmt" count="0"/>
      <line num="16" type="stmt" count="0"/>
      <line num="17" type="stmt" count="0"/>
      <line num="18" type="stmt" count="0"/>
      <line num="19" type="stmt" count="0"/>
      <line num="20" type="stmt" count="0"/>
      <line num="22" type="stmt" count="0"/>
      <line num="23" type="stmt" count="0"/>
      <line num="24" type="stmt" count="0"/>
      <line num="25" type="stmt" count="0"/>
      <line num="26" type="stmt" count="0"/>
      <line num="27" type="stmt" count="0"/>
      <line num="28" type="stmt" count="0"/>
      <line num="29" type="stmt" count="0"/>
      <line num="30" type="stmt" count="0"/>
      <line num="31" type="stmt" count="0"/>
      <line num="32" type="stmt" count="0"/>
      <line num="33" type="stmt" count="0"/>
      <line num="34" type="stmt" count="0"/>
      <line num="35" type="stmt" count="0"/>
      <line num="36" type="stmt" count="0"/>
      <line num="37" type="stmt" count="0"/>
      <line num="38" type="stmt" count="0"/>
      <line num="39" type="stmt" count="0"/>
      <line num="40" type="stmt" count="0"/>
      <line num="41" type="stmt" count="0"/>
      <line num="42" type="stmt" count="0"/>
      <line num="43" type="stmt" count="0"/>
      <line num="44" type="stmt" count="0"/>
      <line num="45" type="stmt" count="0"/>
      <line num="47" type="stmt" count="0"/>
      <line num="48" type="stmt" count="0"/>
      <metrics loc="48" ncloc="48" classes="0" methods="0" coveredmethods="0" conditionals="0" coveredconditionals="0" statements="39" coveredstatements="0" elements="39" coveredelements="0"/>
    </file>
    <file name="/var/www/html2/application/views/templates/_parts/public_master_header_view.php">
      <line num="2" type="stmt" count="0"/>
      <line num="3" type="stmt" count="0"/>
      <line num="4" type="stmt" count="0"/>
      <line num="5" type="stmt" count="0"/>
      <line num="6" type="stmt" count="0"/>
      <line num="7" type="stmt" count="0"/>
      <line num="10" type="stmt" count="0"/>
      <line num="13" type="stmt" count="0"/>
      <line num="14" type="stmt" count="0"/>
      <line num="15" type="stmt" count="0"/>
      <line num="16" type="stmt" count="0"/>
      <line num="17" type="stmt" count="0"/>
      <line num="18" type="stmt" count="0"/>
      <line num="20" type="stmt" count="0"/>
      <line num="21" type="stmt" count="0"/>
      <metrics loc="21" ncloc="21" classes="0" methods="0" coveredmethods="0" conditionals="0" coveredconditionals="0" statements="15" coveredstatements="0" elements="15" coveredelements="0"/>
    </file>
    <file name="/var/www/html2/application/views/templates/auth_master_view.php">
      <metrics loc="4" ncloc="4" classes="0" methods="0" coveredmethods="0" conditionals="0" coveredconditionals="0" statements="0" coveredstatements="0" elements="0" coveredelements="0"/>
    </file>
    <file name="/var/www/html2/application/views/templates/footer.php">
      <line num="1" type="stmt" count="0"/>
      <line num="2" type="stmt" count="0"/>
      <line num="3" type="stmt" count="0"/>
      <metrics loc="3" ncloc="3" classes="0" methods="0" coveredmethods="0" conditionals="0" coveredconditionals="0" statements="3" coveredstatements="0" elements="3" coveredelements="0"/>
    </file>
    <file name="/var/www/html2/application/views/templates/header.php">
      <line num="1" type="stmt" count="0"/>
      <line num="2" type="stmt" count="0"/>
      <line num="3" type="stmt" count="0"/>
      <line num="4" type="stmt" count="0"/>
      <line num="5" type="stmt" count="0"/>
      <metrics loc="7" ncloc="7" classes="0" methods="0" coveredmethods="0" conditionals="0" coveredconditionals="0" statements="5" coveredstatements="0" elements="5" coveredelements="0"/>
    </file>
    <file name="/var/www/html2/application/views/templates/public_master_view.php">
      <metrics loc="4" ncloc="4" classes="0" methods="0" coveredmethods="0" conditionals="0" coveredconditionals="0" statements="0" coveredstatements="0" elements="0" coveredelements="0"/>
    </file>
    <file name="/var/www/html2/application/views/users/login_view.php">
      <line num="2" type="stmt" count="0"/>
      <line num="5" type="stmt" count="0"/>
      <line num="8" type="stmt" count="0"/>
      <line num="9" type="stmt" count="0"/>
      <line num="10" type="stmt" count="0"/>
      <line num="11" type="stmt" count="0"/>
      <line num="13" type="stmt" count="0"/>
      <line num="15" type="stmt" count="0"/>
      <line num="17" type="stmt" count="0"/>
      <line num="18" type="stmt" count="0"/>
      <line num="20" type="stmt" count="0"/>
      <line num="22" type="stmt" count="0"/>
      <line num="23" type="stmt" count="0"/>
      <line num="24" type="stmt" count="0"/>
      <line num="26" type="stmt" count="0"/>
      <line num="27" type="stmt" count="0"/>
      <line num="30" type="stmt" count="0"/>
      <line num="31" type="stmt" count="0"/>
      <line num="33" type="stmt" count="0"/>
      <metrics loc="33" ncloc="33" classes="0" methods="0" coveredmethods="0" conditionals="0" coveredconditionals="0" statements="19" coveredstatements="0" elements="19" coveredelements="0"/>
    </file>
    <file name="/var/www/html2/application/views/welcome_message.php">
      <line num="2" type="stmt" count="1"/>
      <line num="89" type="stmt" count="1"/>
      <metrics loc="88" ncloc="88" classes="0" methods="0" coveredmethods="0" conditionals="0" coveredconditionals="0" statements="1" coveredstatements="1" elements="1" coveredelements="1"/>
    </file>
    <metrics files="40" loc="3966" ncloc="3112" classes="11" methods="105" coveredmethods="1" conditionals="0" coveredconditionals="0" statements="2202" coveredstatements="5" elements="2307" coveredelements="6"/>
  </project>
</coverage>
